{"/home/runner/workspace/server/logger.ts": {"path":"/home/runner/workspace/server/logger.ts","statementMap":{"0":{"start":{"line":8,"column":22},"end":{"line":8,"column":null}},"1":{"start":{"line":9,"column":21},"end":{"line":9,"column":null}},"2":{"start":{"line":13,"column":10},"end":{"line":13,"column":null}},"3":{"start":{"line":14,"column":4},"end":{"line":14,"column":null}},"4":{"start":{"line":22,"column":4},"end":{"line":24,"column":null}},"5":{"start":{"line":23,"column":6},"end":{"line":23,"column":null}},"6":{"start":{"line":32,"column":4},"end":{"line":32,"column":null}},"7":{"start":{"line":40,"column":4},"end":{"line":40,"column":null}},"8":{"start":{"line":48,"column":4},"end":{"line":50,"column":null}},"9":{"start":{"line":49,"column":6},"end":{"line":49,"column":null}},"10":{"start":{"line":58,"column":4},"end":{"line":60,"column":null}},"11":{"start":{"line":59,"column":6},"end":{"line":59,"column":null}},"12":{"start":{"line":68,"column":4},"end":{"line":70,"column":null}},"13":{"start":{"line":69,"column":6},"end":{"line":69,"column":null}},"14":{"start":{"line":78,"column":4},"end":{"line":80,"column":null}},"15":{"start":{"line":79,"column":6},"end":{"line":79,"column":null}},"16":{"start":{"line":84,"column":22},"end":{"line":84,"column":null}}},"fnMap":{"0":{"name":"(anonymous_0)","decl":{"start":{"line":12,"column":10},"end":{"line":12,"column":24}},"loc":{"start":{"line":12,"column":66},"end":{"line":15,"column":null}},"line":12},"1":{"name":"(anonymous_1)","decl":{"start":{"line":21,"column":2},"end":{"line":21,"column":7}},"loc":{"start":{"line":21,"column":46},"end":{"line":25,"column":null}},"line":21},"2":{"name":"(anonymous_2)","decl":{"start":{"line":31,"column":2},"end":{"line":31,"column":7}},"loc":{"start":{"line":31,"column":46},"end":{"line":33,"column":null}},"line":31},"3":{"name":"(anonymous_3)","decl":{"start":{"line":39,"column":2},"end":{"line":39,"column":8}},"loc":{"start":{"line":39,"column":47},"end":{"line":41,"column":null}},"line":39},"4":{"name":"(anonymous_4)","decl":{"start":{"line":47,"column":2},"end":{"line":47,"column":8}},"loc":{"start":{"line":47,"column":47},"end":{"line":51,"column":null}},"line":47},"5":{"name":"(anonymous_5)","decl":{"start":{"line":57,"column":2},"end":{"line":57,"column":5}},"loc":{"start":{"line":57,"column":44},"end":{"line":61,"column":null}},"line":57},"6":{"name":"(anonymous_6)","decl":{"start":{"line":67,"column":2},"end":{"line":67,"column":6}},"loc":{"start":{"line":67,"column":45},"end":{"line":71,"column":null}},"line":67},"7":{"name":"(anonymous_7)","decl":{"start":{"line":77,"column":2},"end":{"line":77,"column":5}},"loc":{"start":{"line":77,"column":44},"end":{"line":81,"column":null}},"line":77}},"branchMap":{"0":{"loc":{"start":{"line":22,"column":4},"end":{"line":24,"column":null}},"type":"if","locations":[{"start":{"line":22,"column":4},"end":{"line":24,"column":null}},{"start":{},"end":{}}],"line":22},"1":{"loc":{"start":{"line":48,"column":4},"end":{"line":50,"column":null}},"type":"if","locations":[{"start":{"line":48,"column":4},"end":{"line":50,"column":null}},{"start":{},"end":{}}],"line":48},"2":{"loc":{"start":{"line":58,"column":4},"end":{"line":60,"column":null}},"type":"if","locations":[{"start":{"line":58,"column":4},"end":{"line":60,"column":null}},{"start":{},"end":{}}],"line":58},"3":{"loc":{"start":{"line":68,"column":4},"end":{"line":70,"column":null}},"type":"if","locations":[{"start":{"line":68,"column":4},"end":{"line":70,"column":null}},{"start":{},"end":{}}],"line":68},"4":{"loc":{"start":{"line":78,"column":4},"end":{"line":80,"column":null}},"type":"if","locations":[{"start":{"line":78,"column":4},"end":{"line":80,"column":null}},{"start":{},"end":{}}],"line":78}},"s":{"0":1,"1":1,"2":0,"3":0,"4":0,"5":0,"6":0,"7":0,"8":0,"9":0,"10":0,"11":0,"12":0,"13":0,"14":0,"15":0,"16":1},"f":{"0":0,"1":0,"2":0,"3":0,"4":0,"5":0,"6":0,"7":0},"b":{"0":[0,0],"1":[0,0],"2":[0,0],"3":[0,0],"4":[0,0]},"meta":{"lastBranch":5,"lastFunction":8,"lastStatement":17,"seen":{"s:8:22:8:Infinity":0,"s:9:21:9:Infinity":1,"f:12:10:12:24":0,"s:13:10:13:Infinity":2,"s:14:4:14:Infinity":3,"f:21:2:21:7":1,"b:22:4:24:Infinity:undefined:undefined:undefined:undefined":0,"s:22:4:24:Infinity":4,"s:23:6:23:Infinity":5,"f:31:2:31:7":2,"s:32:4:32:Infinity":6,"f:39:2:39:8":3,"s:40:4:40:Infinity":7,"f:47:2:47:8":4,"b:48:4:50:Infinity:undefined:undefined:undefined:undefined":1,"s:48:4:50:Infinity":8,"s:49:6:49:Infinity":9,"f:57:2:57:5":5,"b:58:4:60:Infinity:undefined:undefined:undefined:undefined":2,"s:58:4:60:Infinity":10,"s:59:6:59:Infinity":11,"f:67:2:67:6":6,"b:68:4:70:Infinity:undefined:undefined:undefined:undefined":3,"s:68:4:70:Infinity":12,"s:69:6:69:Infinity":13,"f:77:2:77:5":7,"b:78:4:80:Infinity:undefined:undefined:undefined:undefined":4,"s:78:4:80:Infinity":14,"s:79:6:79:Infinity":15,"s:84:22:84:Infinity":16}}}
,"/home/runner/workspace/server/middleware/security.ts": {"path":"/home/runner/workspace/server/middleware/security.ts","statementMap":{"0":{"start":{"line":16,"column":2},"end":{"line":16,"column":null}},"1":{"start":{"line":17,"column":2},"end":{"line":17,"column":null}},"2":{"start":{"line":21,"column":4},"end":{"line":21,"column":null}},"3":{"start":{"line":21,"column":45},"end":{"line":21,"column":61}},"4":{"start":{"line":25,"column":4},"end":{"line":25,"column":null}},"5":{"start":{"line":29,"column":4},"end":{"line":29,"column":null}},"6":{"start":{"line":33,"column":16},"end":{"line":33,"column":null}},"7":{"start":{"line":34,"column":18},"end":{"line":34,"column":null}},"8":{"start":{"line":37,"column":20},"end":{"line":37,"column":null}},"9":{"start":{"line":38,"column":4},"end":{"line":43,"column":null}},"10":{"start":{"line":39,"column":6},"end":{"line":42,"column":null}},"11":{"start":{"line":40,"column":8},"end":{"line":40,"column":null}},"12":{"start":{"line":41,"column":8},"end":{"line":41,"column":null}},"13":{"start":{"line":45,"column":4},"end":{"line":47,"column":null}},"14":{"start":{"line":46,"column":6},"end":{"line":46,"column":null}},"15":{"start":{"line":51,"column":4},"end":{"line":51,"column":null}},"16":{"start":{"line":55,"column":4},"end":{"line":58,"column":null}},"17":{"start":{"line":56,"column":6},"end":{"line":56,"column":null}},"18":{"start":{"line":57,"column":6},"end":{"line":57,"column":null}},"19":{"start":{"line":62,"column":30},"end":{"line":62,"column":null}},"20":{"start":{"line":68,"column":19},"end":{"line":68,"column":null}},"21":{"start":{"line":69,"column":23},"end":{"line":69,"column":null}},"22":{"start":{"line":94,"column":32},"end":{"line":99,"column":null}},"23":{"start":{"line":101,"column":22},"end":{"line":105,"column":null}},"24":{"start":{"line":107,"column":23},"end":{"line":111,"column":null}},"25":{"start":{"line":113,"column":2},"end":{"line":117,"column":null}},"26":{"start":{"line":124,"column":2},"end":{"line":137,"column":null}},"27":{"start":{"line":125,"column":4},"end":{"line":127,"column":null}},"28":{"start":{"line":126,"column":6},"end":{"line":126,"column":null}},"29":{"start":{"line":129,"column":20},"end":{"line":129,"column":null}},"30":{"start":{"line":130,"column":4},"end":{"line":132,"column":null}},"31":{"start":{"line":131,"column":6},"end":{"line":131,"column":null}},"32":{"start":{"line":134,"column":4},"end":{"line":134,"column":null}},"33":{"start":{"line":136,"column":4},"end":{"line":136,"column":null}},"34":{"start":{"line":144,"column":2},"end":{"line":151,"column":null}},"35":{"start":{"line":145,"column":20},"end":{"line":145,"column":null}},"36":{"start":{"line":146,"column":4},"end":{"line":148,"column":null}},"37":{"start":{"line":147,"column":6},"end":{"line":147,"column":null}},"38":{"start":{"line":150,"column":4},"end":{"line":150,"column":null}},"39":{"start":{"line":162,"column":21},"end":{"line":162,"column":null}},"40":{"start":{"line":164,"column":2},"end":{"line":174,"column":null}},"41":{"start":{"line":165,"column":18},"end":{"line":165,"column":null}},"42":{"start":{"line":167,"column":4},"end":{"line":173,"column":null}},"43":{"start":{"line":168,"column":6},"end":{"line":171,"column":null}},"44":{"start":{"line":172,"column":6},"end":{"line":172,"column":null}},"45":{"start":{"line":176,"column":2},"end":{"line":176,"column":null}},"46":{"start":{"line":183,"column":2},"end":{"line":183,"column":null}},"47":{"start":{"line":184,"column":2},"end":{"line":184,"column":null}},"48":{"start":{"line":191,"column":13},"end":{"line":207,"column":null}},"49":{"start":{"line":201,"column":4},"end":{"line":201,"column":null}},"50":{"start":{"line":202,"column":4},"end":{"line":205,"column":null}},"51":{"start":{"line":213,"column":13},"end":{"line":229,"column":null}},"52":{"start":{"line":223,"column":4},"end":{"line":223,"column":null}},"53":{"start":{"line":224,"column":4},"end":{"line":227,"column":null}},"54":{"start":{"line":235,"column":13},"end":{"line":251,"column":null}},"55":{"start":{"line":245,"column":4},"end":{"line":245,"column":null}},"56":{"start":{"line":246,"column":4},"end":{"line":249,"column":null}},"57":{"start":{"line":257,"column":13},"end":{"line":266,"column":null}},"58":{"start":{"line":277,"column":2},"end":{"line":277,"column":null}},"59":{"start":{"line":280,"column":2},"end":{"line":280,"column":null}},"60":{"start":{"line":283,"column":2},"end":{"line":283,"column":null}},"61":{"start":{"line":286,"column":2},"end":{"line":286,"column":null}},"62":{"start":{"line":289,"column":2},"end":{"line":297,"column":null}},"63":{"start":{"line":300,"column":2},"end":{"line":305,"column":null}},"64":{"start":{"line":301,"column":4},"end":{"line":304,"column":null}},"65":{"start":{"line":307,"column":2},"end":{"line":307,"column":null}},"66":{"start":{"line":320,"column":2},"end":{"line":326,"column":null}},"67":{"start":{"line":321,"column":4},"end":{"line":325,"column":null}},"68":{"start":{"line":322,"column":6},"end":{"line":324,"column":null}},"69":{"start":{"line":323,"column":8},"end":{"line":323,"column":null}},"70":{"start":{"line":329,"column":2},"end":{"line":331,"column":null}},"71":{"start":{"line":330,"column":4},"end":{"line":330,"column":null}},"72":{"start":{"line":333,"column":2},"end":{"line":333,"column":null}},"73":{"start":{"line":341,"column":18},"end":{"line":341,"column":null}},"74":{"start":{"line":344,"column":2},"end":{"line":344,"column":null}},"75":{"start":{"line":347,"column":2},"end":{"line":349,"column":null}},"76":{"start":{"line":348,"column":4},"end":{"line":348,"column":null}},"77":{"start":{"line":351,"column":2},"end":{"line":351,"column":null}},"78":{"start":{"line":359,"column":2},"end":{"line":359,"column":null}},"79":{"start":{"line":359,"column":18},"end":{"line":359,"column":null}},"80":{"start":{"line":361,"column":2},"end":{"line":377,"column":null}},"81":{"start":{"line":362,"column":18},"end":{"line":362,"column":null}},"82":{"start":{"line":364,"column":4},"end":{"line":376,"column":null}},"83":{"start":{"line":365,"column":6},"end":{"line":365,"column":null}},"84":{"start":{"line":366,"column":4},"end":{"line":376,"column":null}},"85":{"start":{"line":367,"column":6},"end":{"line":373,"column":null}},"86":{"start":{"line":368,"column":8},"end":{"line":372,"column":null}},"87":{"start":{"line":369,"column":10},"end":{"line":369,"column":null}},"88":{"start":{"line":370,"column":8},"end":{"line":372,"column":null}},"89":{"start":{"line":371,"column":10},"end":{"line":371,"column":null}},"90":{"start":{"line":374,"column":4},"end":{"line":376,"column":null}},"91":{"start":{"line":375,"column":6},"end":{"line":375,"column":null}},"92":{"start":{"line":383,"column":27},"end":{"line":418,"column":null}},"93":{"start":{"line":386,"column":4},"end":{"line":389,"column":null}},"94":{"start":{"line":387,"column":6},"end":{"line":387,"column":null}},"95":{"start":{"line":388,"column":6},"end":{"line":388,"column":null}},"96":{"start":{"line":392,"column":4},"end":{"line":395,"column":null}},"97":{"start":{"line":393,"column":6},"end":{"line":393,"column":null}},"98":{"start":{"line":394,"column":6},"end":{"line":394,"column":null}},"99":{"start":{"line":398,"column":10},"end":{"line":398,"column":null}},"100":{"start":{"line":400,"column":4},"end":{"line":405,"column":null}},"101":{"start":{"line":401,"column":6},"end":{"line":401,"column":null}},"102":{"start":{"line":403,"column":6},"end":{"line":403,"column":null}},"103":{"start":{"line":404,"column":6},"end":{"line":404,"column":null}},"104":{"start":{"line":428,"column":2},"end":{"line":436,"column":null}},"105":{"start":{"line":446,"column":2},"end":{"line":448,"column":null}},"106":{"start":{"line":447,"column":4},"end":{"line":447,"column":null}},"107":{"start":{"line":450,"column":17},"end":{"line":450,"column":null}},"108":{"start":{"line":452,"column":2},"end":{"line":454,"column":null}},"109":{"start":{"line":453,"column":4},"end":{"line":453,"column":null}},"110":{"start":{"line":456,"column":2},"end":{"line":458,"column":null}},"111":{"start":{"line":457,"column":4},"end":{"line":457,"column":null}},"112":{"start":{"line":460,"column":2},"end":{"line":462,"column":null}},"113":{"start":{"line":461,"column":4},"end":{"line":461,"column":null}},"114":{"start":{"line":464,"column":2},"end":{"line":464,"column":null}}},"fnMap":{"0":{"name":"(anonymous_0)","decl":{"start":{"line":19,"column":2},"end":{"line":19,"column":16}},"loc":{"start":{"line":19,"column":16},"end":{"line":22,"column":null}},"line":19},"1":{"name":"(anonymous_1)","decl":{"start":{"line":21,"column":39},"end":{"line":21,"column":45}},"loc":{"start":{"line":21,"column":45},"end":{"line":21,"column":61}},"line":21},"2":{"name":"(anonymous_2)","decl":{"start":{"line":24,"column":2},"end":{"line":24,"column":6}},"loc":{"start":{"line":24,"column":46},"end":{"line":26,"column":null}},"line":24},"3":{"name":"(anonymous_3)","decl":{"start":{"line":28,"column":2},"end":{"line":28,"column":16}},"loc":{"start":{"line":28,"column":40},"end":{"line":30,"column":null}},"line":28},"4":{"name":"(anonymous_4)","decl":{"start":{"line":32,"column":10},"end":{"line":32,"column":26}},"loc":{"start":{"line":32,"column":26},"end":{"line":48,"column":null}},"line":32},"5":{"name":"(anonymous_5)","decl":{"start":{"line":50,"column":2},"end":{"line":50,"column":17}},"loc":{"start":{"line":50,"column":17},"end":{"line":52,"column":null}},"line":50},"6":{"name":"(anonymous_6)","decl":{"start":{"line":54,"column":2},"end":{"line":54,"column":15}},"loc":{"start":{"line":54,"column":15},"end":{"line":59,"column":null}},"line":54},"7":{"name":"generateTokenPair","decl":{"start":{"line":88,"column":16},"end":{"line":88,"column":34}},"loc":{"start":{"line":93,"column":14},"end":{"line":118,"column":null}},"line":93},"8":{"name":"verifyRefreshToken","decl":{"start":{"line":123,"column":16},"end":{"line":123,"column":35}},"loc":{"start":{"line":123,"column":71},"end":{"line":138,"column":null}},"line":123},"9":{"name":"blacklistToken","decl":{"start":{"line":143,"column":16},"end":{"line":143,"column":31}},"loc":{"start":{"line":143,"column":52},"end":{"line":152,"column":null}},"line":143},"10":{"name":"checkTokenBlacklist","decl":{"start":{"line":157,"column":16},"end":{"line":157,"column":null}},"loc":{"start":{"line":161,"column":8},"end":{"line":177,"column":null}},"line":161},"11":{"name":"cleanupSecurity","decl":{"start":{"line":182,"column":16},"end":{"line":182,"column":40}},"loc":{"start":{"line":182,"column":40},"end":{"line":185,"column":null}},"line":182},"12":{"name":"(anonymous_12)","decl":{"start":{"line":200,"column":11},"end":{"line":200,"column":12}},"loc":{"start":{"line":200,"column":25},"end":{"line":206,"column":null}},"line":200},"13":{"name":"(anonymous_13)","decl":{"start":{"line":222,"column":11},"end":{"line":222,"column":12}},"loc":{"start":{"line":222,"column":25},"end":{"line":228,"column":null}},"line":222},"14":{"name":"(anonymous_14)","decl":{"start":{"line":244,"column":11},"end":{"line":244,"column":12}},"loc":{"start":{"line":244,"column":25},"end":{"line":250,"column":null}},"line":244},"15":{"name":"securityHeaders","decl":{"start":{"line":271,"column":16},"end":{"line":271,"column":null}},"loc":{"start":{"line":275,"column":8},"end":{"line":308,"column":null}},"line":275},"16":{"name":"sanitizeInput","decl":{"start":{"line":314,"column":16},"end":{"line":314,"column":null}},"loc":{"start":{"line":318,"column":8},"end":{"line":334,"column":null}},"line":318},"17":{"name":"sanitizeString","decl":{"start":{"line":339,"column":9},"end":{"line":339,"column":24}},"loc":{"start":{"line":339,"column":47},"end":{"line":352,"column":null}},"line":339},"18":{"name":"sanitizeObject","decl":{"start":{"line":357,"column":9},"end":{"line":357,"column":24}},"loc":{"start":{"line":357,"column":67},"end":{"line":378,"column":null}},"line":357},"19":{"name":"(anonymous_19)","decl":{"start":{"line":367,"column":20},"end":{"line":367,"column":21}},"loc":{"start":{"line":367,"column":37},"end":{"line":373,"column":7}},"line":367},"20":{"name":"(anonymous_20)","decl":{"start":{"line":384,"column":10},"end":{"line":384,"column":11}},"loc":{"start":{"line":384,"column":98},"end":{"line":406,"column":null}},"line":384},"21":{"name":"logSuspiciousActivity","decl":{"start":{"line":423,"column":16},"end":{"line":423,"column":null}},"loc":{"start":{"line":427,"column":8},"end":{"line":437,"column":null}},"line":427},"22":{"name":"validateIntParam","decl":{"start":{"line":442,"column":16},"end":{"line":442,"column":null}},"loc":{"start":{"line":445,"column":54},"end":{"line":465,"column":null}},"line":445}},"branchMap":{"0":{"loc":{"start":{"line":39,"column":6},"end":{"line":42,"column":null}},"type":"if","locations":[{"start":{"line":39,"column":6},"end":{"line":42,"column":null}},{"start":{},"end":{}}],"line":39},"1":{"loc":{"start":{"line":45,"column":4},"end":{"line":47,"column":null}},"type":"if","locations":[{"start":{"line":45,"column":4},"end":{"line":47,"column":null}},{"start":{},"end":{}}],"line":45},"2":{"loc":{"start":{"line":55,"column":4},"end":{"line":58,"column":null}},"type":"if","locations":[{"start":{"line":55,"column":4},"end":{"line":58,"column":null}},{"start":{},"end":{}}],"line":55},"3":{"loc":{"start":{"line":68,"column":19},"end":{"line":68,"column":null}},"type":"binary-expr","locations":[{"start":{"line":68,"column":19},"end":{"line":68,"column":45}},{"start":{"line":68,"column":45},"end":{"line":68,"column":null}}],"line":68},"4":{"loc":{"start":{"line":69,"column":23},"end":{"line":69,"column":null}},"type":"binary-expr","locations":[{"start":{"line":69,"column":23},"end":{"line":69,"column":59}},{"start":{"line":69,"column":59},"end":{"line":69,"column":null}}],"line":69},"5":{"loc":{"start":{"line":125,"column":4},"end":{"line":127,"column":null}},"type":"if","locations":[{"start":{"line":125,"column":4},"end":{"line":127,"column":null}},{"start":{},"end":{}}],"line":125},"6":{"loc":{"start":{"line":130,"column":4},"end":{"line":132,"column":null}},"type":"if","locations":[{"start":{"line":130,"column":4},"end":{"line":132,"column":null}},{"start":{},"end":{}}],"line":130},"7":{"loc":{"start":{"line":146,"column":4},"end":{"line":148,"column":null}},"type":"if","locations":[{"start":{"line":146,"column":4},"end":{"line":148,"column":null}},{"start":{},"end":{}}],"line":146},"8":{"loc":{"start":{"line":164,"column":2},"end":{"line":174,"column":null}},"type":"if","locations":[{"start":{"line":164,"column":2},"end":{"line":174,"column":null}},{"start":{},"end":{}}],"line":164},"9":{"loc":{"start":{"line":167,"column":4},"end":{"line":173,"column":null}},"type":"if","locations":[{"start":{"line":167,"column":4},"end":{"line":173,"column":null}},{"start":{},"end":{}}],"line":167},"10":{"loc":{"start":{"line":300,"column":2},"end":{"line":305,"column":null}},"type":"if","locations":[{"start":{"line":300,"column":2},"end":{"line":305,"column":null}},{"start":{},"end":{}}],"line":300},"11":{"loc":{"start":{"line":320,"column":2},"end":{"line":326,"column":null}},"type":"if","locations":[{"start":{"line":320,"column":2},"end":{"line":326,"column":null}},{"start":{},"end":{}}],"line":320},"12":{"loc":{"start":{"line":322,"column":6},"end":{"line":324,"column":null}},"type":"if","locations":[{"start":{"line":322,"column":6},"end":{"line":324,"column":null}},{"start":{},"end":{}}],"line":322},"13":{"loc":{"start":{"line":329,"column":2},"end":{"line":331,"column":null}},"type":"if","locations":[{"start":{"line":329,"column":2},"end":{"line":331,"column":null}},{"start":{},"end":{}}],"line":329},"14":{"loc":{"start":{"line":329,"column":6},"end":{"line":329,"column":48}},"type":"binary-expr","locations":[{"start":{"line":329,"column":6},"end":{"line":329,"column":18}},{"start":{"line":329,"column":18},"end":{"line":329,"column":48}}],"line":329},"15":{"loc":{"start":{"line":347,"column":2},"end":{"line":349,"column":null}},"type":"if","locations":[{"start":{"line":347,"column":2},"end":{"line":349,"column":null}},{"start":{},"end":{}}],"line":347},"16":{"loc":{"start":{"line":357,"column":50},"end":{"line":357,"column":67}},"type":"default-arg","locations":[{"start":{"line":357,"column":58},"end":{"line":357,"column":67}}],"line":357},"17":{"loc":{"start":{"line":359,"column":2},"end":{"line":359,"column":null}},"type":"if","locations":[{"start":{"line":359,"column":2},"end":{"line":359,"column":null}},{"start":{},"end":{}}],"line":359},"18":{"loc":{"start":{"line":364,"column":4},"end":{"line":376,"column":null}},"type":"if","locations":[{"start":{"line":364,"column":4},"end":{"line":376,"column":null}},{"start":{"line":366,"column":4},"end":{"line":376,"column":null}}],"line":364},"19":{"loc":{"start":{"line":366,"column":4},"end":{"line":376,"column":null}},"type":"if","locations":[{"start":{"line":366,"column":4},"end":{"line":376,"column":null}},{"start":{"line":374,"column":4},"end":{"line":376,"column":null}}],"line":366},"20":{"loc":{"start":{"line":368,"column":8},"end":{"line":372,"column":null}},"type":"if","locations":[{"start":{"line":368,"column":8},"end":{"line":372,"column":null}},{"start":{"line":370,"column":8},"end":{"line":372,"column":null}}],"line":368},"21":{"loc":{"start":{"line":370,"column":8},"end":{"line":372,"column":null}},"type":"if","locations":[{"start":{"line":370,"column":8},"end":{"line":372,"column":null}},{"start":{},"end":{}}],"line":370},"22":{"loc":{"start":{"line":370,"column":19},"end":{"line":370,"column":62}},"type":"binary-expr","locations":[{"start":{"line":370,"column":19},"end":{"line":370,"column":47}},{"start":{"line":370,"column":47},"end":{"line":370,"column":62}}],"line":370},"23":{"loc":{"start":{"line":374,"column":4},"end":{"line":376,"column":null}},"type":"if","locations":[{"start":{"line":374,"column":4},"end":{"line":376,"column":null}},{"start":{},"end":{}}],"line":374},"24":{"loc":{"start":{"line":374,"column":15},"end":{"line":374,"column":60}},"type":"binary-expr","locations":[{"start":{"line":374,"column":15},"end":{"line":374,"column":44}},{"start":{"line":374,"column":44},"end":{"line":374,"column":60}}],"line":374},"25":{"loc":{"start":{"line":386,"column":4},"end":{"line":389,"column":null}},"type":"if","locations":[{"start":{"line":386,"column":4},"end":{"line":389,"column":null}},{"start":{},"end":{}}],"line":386},"26":{"loc":{"start":{"line":392,"column":4},"end":{"line":395,"column":null}},"type":"if","locations":[{"start":{"line":392,"column":4},"end":{"line":395,"column":null}},{"start":{},"end":{}}],"line":392},"27":{"loc":{"start":{"line":398,"column":23},"end":{"line":398,"column":57}},"type":"binary-expr","locations":[{"start":{"line":398,"column":23},"end":{"line":398,"column":53}},{"start":{"line":398,"column":53},"end":{"line":398,"column":57}}],"line":398},"28":{"loc":{"start":{"line":400,"column":4},"end":{"line":405,"column":null}},"type":"if","locations":[{"start":{"line":400,"column":4},"end":{"line":405,"column":null}},{"start":{"line":402,"column":11},"end":{"line":405,"column":null}}],"line":400},"29":{"loc":{"start":{"line":400,"column":8},"end":{"line":400,"column":62}},"type":"binary-expr","locations":[{"start":{"line":400,"column":8},"end":{"line":400,"column":34}},{"start":{"line":400,"column":34},"end":{"line":400,"column":62}}],"line":400},"30":{"loc":{"start":{"line":446,"column":2},"end":{"line":448,"column":null}},"type":"if","locations":[{"start":{"line":446,"column":2},"end":{"line":448,"column":null}},{"start":{},"end":{}}],"line":446},"31":{"loc":{"start":{"line":452,"column":2},"end":{"line":454,"column":null}},"type":"if","locations":[{"start":{"line":452,"column":2},"end":{"line":454,"column":null}},{"start":{},"end":{}}],"line":452},"32":{"loc":{"start":{"line":456,"column":2},"end":{"line":458,"column":null}},"type":"if","locations":[{"start":{"line":456,"column":2},"end":{"line":458,"column":null}},{"start":{},"end":{}}],"line":456},"33":{"loc":{"start":{"line":460,"column":2},"end":{"line":462,"column":null}},"type":"if","locations":[{"start":{"line":460,"column":2},"end":{"line":462,"column":null}},{"start":{},"end":{}}],"line":460}},"s":{"0":1,"1":1,"2":1,"3":0,"4":6,"5":7,"6":0,"7":0,"8":0,"9":0,"10":0,"11":0,"12":0,"13":0,"14":0,"15":1,"16":0,"17":0,"18":0,"19":1,"20":1,"21":1,"22":6,"23":6,"24":6,"25":6,"26":4,"27":4,"28":1,"29":3,"30":3,"31":0,"32":1,"33":2,"34":3,"35":3,"36":3,"37":2,"38":0,"39":0,"40":0,"41":0,"42":0,"43":0,"44":0,"45":0,"46":0,"47":0,"48":1,"49":0,"50":0,"51":1,"52":0,"53":0,"54":1,"55":0,"56":0,"57":1,"58":0,"59":0,"60":0,"61":0,"62":0,"63":0,"64":0,"65":0,"66":0,"67":0,"68":0,"69":0,"70":0,"71":0,"72":0,"73":0,"74":0,"75":0,"76":0,"77":0,"78":0,"79":0,"80":0,"81":0,"82":0,"83":0,"84":0,"85":0,"86":0,"87":0,"88":0,"89":0,"90":0,"91":0,"92":1,"93":0,"94":0,"95":0,"96":0,"97":0,"98":0,"99":0,"100":0,"101":0,"102":0,"103":0,"104":0,"105":0,"106":0,"107":0,"108":0,"109":0,"110":0,"111":0,"112":0,"113":0,"114":0},"f":{"0":1,"1":0,"2":6,"3":7,"4":0,"5":1,"6":0,"7":6,"8":4,"9":3,"10":0,"11":0,"12":0,"13":0,"14":0,"15":0,"16":0,"17":0,"18":0,"19":0,"20":0,"21":0,"22":0},"b":{"0":[0,0],"1":[0,0],"2":[0,0],"3":[1,1],"4":[1,1],"5":[1,3],"6":[0,3],"7":[2,1],"8":[0,0],"9":[0,0],"10":[0,0],"11":[0,0],"12":[0,0],"13":[0,0],"14":[0,0],"15":[0,0],"16":[0],"17":[0,0],"18":[0,0],"19":[0,0],"20":[0,0],"21":[0,0],"22":[0,0],"23":[0,0],"24":[0,0],"25":[0,0],"26":[0,0],"27":[0,0],"28":[0,0],"29":[0,0],"30":[0,0],"31":[0,0],"32":[0,0],"33":[0,0]},"meta":{"lastBranch":34,"lastFunction":23,"lastStatement":115,"seen":{"f:19:2:19:16":0,"s:16:2:16:Infinity":0,"s:17:2:17:Infinity":1,"s:21:4:21:Infinity":2,"f:21:39:21:45":1,"s:21:45:21:61":3,"f:24:2:24:6":2,"s:25:4:25:Infinity":4,"f:28:2:28:16":3,"s:29:4:29:Infinity":5,"f:32:10:32:26":4,"s:33:16:33:Infinity":6,"s:34:18:34:Infinity":7,"s:37:20:37:Infinity":8,"s:38:4:43:Infinity":9,"b:39:6:42:Infinity:undefined:undefined:undefined:undefined":0,"s:39:6:42:Infinity":10,"s:40:8:40:Infinity":11,"s:41:8:41:Infinity":12,"b:45:4:47:Infinity:undefined:undefined:undefined:undefined":1,"s:45:4:47:Infinity":13,"s:46:6:46:Infinity":14,"f:50:2:50:17":5,"s:51:4:51:Infinity":15,"f:54:2:54:15":6,"b:55:4:58:Infinity:undefined:undefined:undefined:undefined":2,"s:55:4:58:Infinity":16,"s:56:6:56:Infinity":17,"s:57:6:57:Infinity":18,"s:62:30:62:Infinity":19,"s:68:19:68:Infinity":20,"b:68:19:68:45:68:45:68:Infinity":3,"s:69:23:69:Infinity":21,"b:69:23:69:59:69:59:69:Infinity":4,"f:88:16:88:34":7,"s:94:32:99:Infinity":22,"s:101:22:105:Infinity":23,"s:107:23:111:Infinity":24,"s:113:2:117:Infinity":25,"f:123:16:123:35":8,"s:124:2:137:Infinity":26,"b:125:4:127:Infinity:undefined:undefined:undefined:undefined":5,"s:125:4:127:Infinity":27,"s:126:6:126:Infinity":28,"s:129:20:129:Infinity":29,"b:130:4:132:Infinity:undefined:undefined:undefined:undefined":6,"s:130:4:132:Infinity":30,"s:131:6:131:Infinity":31,"s:134:4:134:Infinity":32,"s:136:4:136:Infinity":33,"f:143:16:143:31":9,"s:144:2:151:Infinity":34,"s:145:20:145:Infinity":35,"b:146:4:148:Infinity:undefined:undefined:undefined:undefined":7,"s:146:4:148:Infinity":36,"s:147:6:147:Infinity":37,"s:150:4:150:Infinity":38,"f:157:16:157:Infinity":10,"s:162:21:162:Infinity":39,"b:164:2:174:Infinity:undefined:undefined:undefined:undefined":8,"s:164:2:174:Infinity":40,"s:165:18:165:Infinity":41,"b:167:4:173:Infinity:undefined:undefined:undefined:undefined":9,"s:167:4:173:Infinity":42,"s:168:6:171:Infinity":43,"s:172:6:172:Infinity":44,"s:176:2:176:Infinity":45,"f:182:16:182:40":11,"s:183:2:183:Infinity":46,"s:184:2:184:Infinity":47,"s:191:13:207:Infinity":48,"f:200:11:200:12":12,"s:201:4:201:Infinity":49,"s:202:4:205:Infinity":50,"s:213:13:229:Infinity":51,"f:222:11:222:12":13,"s:223:4:223:Infinity":52,"s:224:4:227:Infinity":53,"s:235:13:251:Infinity":54,"f:244:11:244:12":14,"s:245:4:245:Infinity":55,"s:246:4:249:Infinity":56,"s:257:13:266:Infinity":57,"f:271:16:271:Infinity":15,"s:277:2:277:Infinity":58,"s:280:2:280:Infinity":59,"s:283:2:283:Infinity":60,"s:286:2:286:Infinity":61,"s:289:2:297:Infinity":62,"b:300:2:305:Infinity:undefined:undefined:undefined:undefined":10,"s:300:2:305:Infinity":63,"s:301:4:304:Infinity":64,"s:307:2:307:Infinity":65,"f:314:16:314:Infinity":16,"b:320:2:326:Infinity:undefined:undefined:undefined:undefined":11,"s:320:2:326:Infinity":66,"s:321:4:325:Infinity":67,"b:322:6:324:Infinity:undefined:undefined:undefined:undefined":12,"s:322:6:324:Infinity":68,"s:323:8:323:Infinity":69,"b:329:2:331:Infinity:undefined:undefined:undefined:undefined":13,"s:329:2:331:Infinity":70,"b:329:6:329:18:329:18:329:48":14,"s:330:4:330:Infinity":71,"s:333:2:333:Infinity":72,"f:339:9:339:24":17,"s:341:18:341:Infinity":73,"s:344:2:344:Infinity":74,"b:347:2:349:Infinity:undefined:undefined:undefined:undefined":15,"s:347:2:349:Infinity":75,"s:348:4:348:Infinity":76,"s:351:2:351:Infinity":77,"f:357:9:357:24":18,"b:357:58:357:67":16,"b:359:2:359:Infinity:undefined:undefined:undefined:undefined":17,"s:359:2:359:Infinity":78,"s:359:18:359:Infinity":79,"s:361:2:377:Infinity":80,"s:362:18:362:Infinity":81,"b:364:4:376:Infinity:366:4:376:Infinity":18,"s:364:4:376:Infinity":82,"s:365:6:365:Infinity":83,"b:366:4:376:Infinity:374:4:376:Infinity":19,"s:366:4:376:Infinity":84,"s:367:6:373:Infinity":85,"f:367:20:367:21":19,"b:368:8:372:Infinity:370:8:372:Infinity":20,"s:368:8:372:Infinity":86,"s:369:10:369:Infinity":87,"b:370:8:372:Infinity:undefined:undefined:undefined:undefined":21,"s:370:8:372:Infinity":88,"b:370:19:370:47:370:47:370:62":22,"s:371:10:371:Infinity":89,"b:374:4:376:Infinity:undefined:undefined:undefined:undefined":23,"s:374:4:376:Infinity":90,"b:374:15:374:44:374:44:374:60":24,"s:375:6:375:Infinity":91,"s:383:27:418:Infinity":92,"f:384:10:384:11":20,"b:386:4:389:Infinity:undefined:undefined:undefined:undefined":25,"s:386:4:389:Infinity":93,"s:387:6:387:Infinity":94,"s:388:6:388:Infinity":95,"b:392:4:395:Infinity:undefined:undefined:undefined:undefined":26,"s:392:4:395:Infinity":96,"s:393:6:393:Infinity":97,"s:394:6:394:Infinity":98,"s:398:10:398:Infinity":99,"b:398:23:398:53:398:53:398:57":27,"b:400:4:405:Infinity:402:11:405:Infinity":28,"s:400:4:405:Infinity":100,"b:400:8:400:34:400:34:400:62":29,"s:401:6:401:Infinity":101,"s:403:6:403:Infinity":102,"s:404:6:404:Infinity":103,"f:423:16:423:Infinity":21,"s:428:2:436:Infinity":104,"f:442:16:442:Infinity":22,"b:446:2:448:Infinity:undefined:undefined:undefined:undefined":30,"s:446:2:448:Infinity":105,"s:447:4:447:Infinity":106,"s:450:17:450:Infinity":107,"b:452:2:454:Infinity:undefined:undefined:undefined:undefined":31,"s:452:2:454:Infinity":108,"s:453:4:453:Infinity":109,"b:456:2:458:Infinity:undefined:undefined:undefined:undefined":32,"s:456:2:458:Infinity":110,"s:457:4:457:Infinity":111,"b:460:2:462:Infinity:undefined:undefined:undefined:undefined":33,"s:460:2:462:Infinity":112,"s:461:4:461:Infinity":113,"s:464:2:464:Infinity":114}}}
,"/home/runner/workspace/server/routes/activities.router.ts": {"path":"/home/runner/workspace/server/routes/activities.router.ts","statementMap":{"0":{"start":{"line":22,"column":13},"end":{"line":22,"column":null}},"1":{"start":{"line":25,"column":35},"end":{"line":25,"column":null}},"2":{"start":{"line":28,"column":2},"end":{"line":28,"column":null}},"3":{"start":{"line":45,"column":0},"end":{"line":144,"column":null}},"4":{"start":{"line":46,"column":2},"end":{"line":143,"column":null}},"5":{"start":{"line":47,"column":50},"end":{"line":47,"column":null}},"6":{"start":{"line":48,"column":30},"end":{"line":48,"column":null}},"7":{"start":{"line":50,"column":42},"end":{"line":50,"column":null}},"8":{"start":{"line":52,"column":4},"end":{"line":137,"column":null}},"9":{"start":{"line":53,"column":30},"end":{"line":53,"column":null}},"10":{"start":{"line":57,"column":6},"end":{"line":66,"column":null}},"11":{"start":{"line":58,"column":8},"end":{"line":65,"column":null}},"12":{"start":{"line":61,"column":10},"end":{"line":64,"column":null}},"13":{"start":{"line":68,"column":6},"end":{"line":68,"column":null}},"14":{"start":{"line":69,"column":4},"end":{"line":137,"column":null}},"15":{"start":{"line":70,"column":27},"end":{"line":70,"column":null}},"16":{"start":{"line":73,"column":6},"end":{"line":96,"column":null}},"17":{"start":{"line":74,"column":24},"end":{"line":74,"column":null}},"18":{"start":{"line":75,"column":8},"end":{"line":77,"column":null}},"19":{"start":{"line":76,"column":10},"end":{"line":76,"column":null}},"20":{"start":{"line":80,"column":8},"end":{"line":95,"column":null}},"21":{"start":{"line":81,"column":30},"end":{"line":81,"column":null}},"22":{"start":{"line":82,"column":10},"end":{"line":87,"column":null}},"23":{"start":{"line":82,"column":37},"end":{"line":82,"column":65}},"24":{"start":{"line":83,"column":12},"end":{"line":86,"column":null}},"25":{"start":{"line":88,"column":8},"end":{"line":95,"column":null}},"26":{"start":{"line":89,"column":10},"end":{"line":94,"column":null}},"27":{"start":{"line":90,"column":12},"end":{"line":93,"column":null}},"28":{"start":{"line":98,"column":6},"end":{"line":98,"column":null}},"29":{"start":{"line":99,"column":4},"end":{"line":137,"column":null}},"30":{"start":{"line":100,"column":20},"end":{"line":100,"column":null}},"31":{"start":{"line":103,"column":6},"end":{"line":110,"column":null}},"32":{"start":{"line":104,"column":8},"end":{"line":109,"column":null}},"33":{"start":{"line":105,"column":10},"end":{"line":108,"column":null}},"34":{"start":{"line":112,"column":26},"end":{"line":112,"column":null}},"35":{"start":{"line":113,"column":28},"end":{"line":113,"column":null}},"36":{"start":{"line":113,"column":57},"end":{"line":113,"column":61}},"37":{"start":{"line":114,"column":28},"end":{"line":114,"column":null}},"38":{"start":{"line":115,"column":6},"end":{"line":115,"column":null}},"39":{"start":{"line":115,"column":45},"end":{"line":115,"column":90}},"40":{"start":{"line":118,"column":6},"end":{"line":123,"column":null}},"41":{"start":{"line":119,"column":8},"end":{"line":122,"column":null}},"42":{"start":{"line":125,"column":6},"end":{"line":136,"column":null}},"43":{"start":{"line":127,"column":8},"end":{"line":127,"column":null}},"44":{"start":{"line":128,"column":6},"end":{"line":136,"column":null}},"45":{"start":{"line":130,"column":28},"end":{"line":130,"column":null}},"46":{"start":{"line":131,"column":30},"end":{"line":131,"column":null}},"47":{"start":{"line":131,"column":59},"end":{"line":131,"column":63}},"48":{"start":{"line":132,"column":30},"end":{"line":132,"column":null}},"49":{"start":{"line":133,"column":8},"end":{"line":133,"column":null}},"50":{"start":{"line":133,"column":47},"end":{"line":133,"column":92}},"51":{"start":{"line":135,"column":8},"end":{"line":135,"column":null}},"52":{"start":{"line":139,"column":4},"end":{"line":139,"column":null}},"53":{"start":{"line":141,"column":4},"end":{"line":141,"column":null}},"54":{"start":{"line":142,"column":4},"end":{"line":142,"column":null}},"55":{"start":{"line":149,"column":0},"end":{"line":163,"column":null}},"56":{"start":{"line":150,"column":2},"end":{"line":162,"column":null}},"57":{"start":{"line":151,"column":23},"end":{"line":151,"column":null}},"58":{"start":{"line":152,"column":21},"end":{"line":152,"column":null}},"59":{"start":{"line":154,"column":4},"end":{"line":156,"column":null}},"60":{"start":{"line":155,"column":6},"end":{"line":155,"column":null}},"61":{"start":{"line":158,"column":4},"end":{"line":158,"column":null}},"62":{"start":{"line":160,"column":4},"end":{"line":160,"column":null}},"63":{"start":{"line":161,"column":4},"end":{"line":161,"column":null}},"64":{"start":{"line":172,"column":0},"end":{"line":227,"column":null}},"65":{"start":{"line":173,"column":2},"end":{"line":226,"column":null}},"66":{"start":{"line":174,"column":25},"end":{"line":174,"column":null}},"67":{"start":{"line":175,"column":21},"end":{"line":175,"column":null}},"68":{"start":{"line":178,"column":4},"end":{"line":215,"column":null}},"69":{"start":{"line":179,"column":6},"end":{"line":214,"column":null}},"70":{"start":{"line":181,"column":31},"end":{"line":181,"column":null}},"71":{"start":{"line":182,"column":38},"end":{"line":184,"column":null}},"72":{"start":{"line":183,"column":22},"end":{"line":183,"column":null}},"73":{"start":{"line":187,"column":32},"end":{"line":187,"column":null}},"74":{"start":{"line":187,"column":86},"end":{"line":187,"column":108}},"75":{"start":{"line":190,"column":28},"end":{"line":190,"column":null}},"76":{"start":{"line":191,"column":27},"end":{"line":191,"column":null}},"77":{"start":{"line":191,"column":56},"end":{"line":191,"column":89}},"78":{"start":{"line":193,"column":8},"end":{"line":199,"column":null}},"79":{"start":{"line":194,"column":10},"end":{"line":198,"column":null}},"80":{"start":{"line":203,"column":37},"end":{"line":203,"column":null}},"81":{"start":{"line":204,"column":34},"end":{"line":204,"column":null}},"82":{"start":{"line":204,"column":87},"end":{"line":204,"column":109}},"83":{"start":{"line":206,"column":35},"end":{"line":206,"column":null}},"84":{"start":{"line":207,"column":8},"end":{"line":210,"column":null}},"85":{"start":{"line":212,"column":8},"end":{"line":212,"column":null}},"86":{"start":{"line":221,"column":4},"end":{"line":221,"column":null}},"87":{"start":{"line":222,"column":4},"end":{"line":222,"column":null}},"88":{"start":{"line":224,"column":10},"end":{"line":224,"column":null}},"89":{"start":{"line":225,"column":4},"end":{"line":225,"column":null}},"90":{"start":{"line":233,"column":0},"end":{"line":326,"column":null}},"91":{"start":{"line":234,"column":2},"end":{"line":325,"column":null}},"92":{"start":{"line":235,"column":23},"end":{"line":235,"column":null}},"93":{"start":{"line":238,"column":24},"end":{"line":238,"column":null}},"94":{"start":{"line":239,"column":25},"end":{"line":239,"column":null}},"95":{"start":{"line":241,"column":28},"end":{"line":241,"column":null}},"96":{"start":{"line":242,"column":4},"end":{"line":244,"column":null}},"97":{"start":{"line":243,"column":6},"end":{"line":243,"column":null}},"98":{"start":{"line":247,"column":4},"end":{"line":284,"column":null}},"99":{"start":{"line":248,"column":6},"end":{"line":283,"column":null}},"100":{"start":{"line":250,"column":31},"end":{"line":250,"column":null}},"101":{"start":{"line":251,"column":38},"end":{"line":253,"column":null}},"102":{"start":{"line":252,"column":22},"end":{"line":252,"column":null}},"103":{"start":{"line":256,"column":32},"end":{"line":256,"column":null}},"104":{"start":{"line":256,"column":86},"end":{"line":256,"column":108}},"105":{"start":{"line":259,"column":28},"end":{"line":259,"column":null}},"106":{"start":{"line":260,"column":27},"end":{"line":260,"column":null}},"107":{"start":{"line":260,"column":56},"end":{"line":260,"column":96}},"108":{"start":{"line":262,"column":8},"end":{"line":268,"column":null}},"109":{"start":{"line":263,"column":10},"end":{"line":267,"column":null}},"110":{"start":{"line":272,"column":37},"end":{"line":272,"column":null}},"111":{"start":{"line":273,"column":34},"end":{"line":273,"column":null}},"112":{"start":{"line":273,"column":87},"end":{"line":273,"column":109}},"113":{"start":{"line":275,"column":35},"end":{"line":275,"column":null}},"114":{"start":{"line":276,"column":8},"end":{"line":279,"column":null}},"115":{"start":{"line":281,"column":8},"end":{"line":281,"column":null}},"116":{"start":{"line":288,"column":4},"end":{"line":318,"column":null}},"117":{"start":{"line":290,"column":6},"end":{"line":317,"column":null}},"118":{"start":{"line":291,"column":33},"end":{"line":291,"column":null}},"119":{"start":{"line":292,"column":8},"end":{"line":313,"column":null}},"120":{"start":{"line":293,"column":23},"end":{"line":293,"column":null}},"121":{"start":{"line":294,"column":10},"end":{"line":312,"column":null}},"122":{"start":{"line":296,"column":34},"end":{"line":298,"column":null}},"123":{"start":{"line":299,"column":36},"end":{"line":299,"column":null}},"124":{"start":{"line":300,"column":18},"end":{"line":303,"column":null}},"125":{"start":{"line":301,"column":14},"end":{"line":302,"column":null}},"126":{"start":{"line":305,"column":12},"end":{"line":311,"column":null}},"127":{"start":{"line":307,"column":20},"end":{"line":307,"column":null}},"128":{"start":{"line":308,"column":14},"end":{"line":310,"column":null}},"129":{"start":{"line":315,"column":8},"end":{"line":315,"column":null}},"130":{"start":{"line":320,"column":4},"end":{"line":320,"column":null}},"131":{"start":{"line":321,"column":4},"end":{"line":321,"column":null}},"132":{"start":{"line":323,"column":10},"end":{"line":323,"column":null}},"133":{"start":{"line":324,"column":4},"end":{"line":324,"column":null}},"134":{"start":{"line":336,"column":0},"end":{"line":354,"column":null}},"135":{"start":{"line":337,"column":2},"end":{"line":353,"column":null}},"136":{"start":{"line":338,"column":34},"end":{"line":338,"column":null}},"137":{"start":{"line":341,"column":4},"end":{"line":347,"column":null}},"138":{"start":{"line":342,"column":6},"end":{"line":342,"column":null}},"139":{"start":{"line":343,"column":4},"end":{"line":347,"column":null}},"140":{"start":{"line":344,"column":6},"end":{"line":344,"column":null}},"141":{"start":{"line":346,"column":6},"end":{"line":346,"column":null}},"142":{"start":{"line":349,"column":4},"end":{"line":349,"column":null}},"143":{"start":{"line":351,"column":4},"end":{"line":351,"column":null}},"144":{"start":{"line":352,"column":4},"end":{"line":352,"column":null}},"145":{"start":{"line":359,"column":0},"end":{"line":373,"column":null}},"146":{"start":{"line":360,"column":2},"end":{"line":372,"column":null}},"147":{"start":{"line":361,"column":21},"end":{"line":361,"column":null}},"148":{"start":{"line":362,"column":19},"end":{"line":362,"column":null}},"149":{"start":{"line":364,"column":4},"end":{"line":366,"column":null}},"150":{"start":{"line":365,"column":6},"end":{"line":365,"column":null}},"151":{"start":{"line":368,"column":4},"end":{"line":368,"column":null}},"152":{"start":{"line":370,"column":4},"end":{"line":370,"column":null}},"153":{"start":{"line":371,"column":4},"end":{"line":371,"column":null}},"154":{"start":{"line":378,"column":0},"end":{"line":389,"column":null}},"155":{"start":{"line":379,"column":2},"end":{"line":388,"column":null}},"156":{"start":{"line":380,"column":23},"end":{"line":380,"column":null}},"157":{"start":{"line":381,"column":19},"end":{"line":381,"column":null}},"158":{"start":{"line":383,"column":4},"end":{"line":383,"column":null}},"159":{"start":{"line":384,"column":4},"end":{"line":384,"column":null}},"160":{"start":{"line":386,"column":10},"end":{"line":386,"column":null}},"161":{"start":{"line":387,"column":4},"end":{"line":387,"column":null}},"162":{"start":{"line":394,"column":0},"end":{"line":410,"column":null}},"163":{"start":{"line":395,"column":2},"end":{"line":409,"column":null}},"164":{"start":{"line":396,"column":21},"end":{"line":396,"column":null}},"165":{"start":{"line":397,"column":23},"end":{"line":397,"column":null}},"166":{"start":{"line":399,"column":26},"end":{"line":399,"column":null}},"167":{"start":{"line":400,"column":4},"end":{"line":402,"column":null}},"168":{"start":{"line":401,"column":6},"end":{"line":401,"column":null}},"169":{"start":{"line":404,"column":4},"end":{"line":404,"column":null}},"170":{"start":{"line":405,"column":4},"end":{"line":405,"column":null}},"171":{"start":{"line":407,"column":10},"end":{"line":407,"column":null}},"172":{"start":{"line":408,"column":4},"end":{"line":408,"column":null}},"173":{"start":{"line":420,"column":0},"end":{"line":438,"column":null}},"174":{"start":{"line":421,"column":2},"end":{"line":437,"column":null}},"175":{"start":{"line":422,"column":36},"end":{"line":422,"column":null}},"176":{"start":{"line":425,"column":4},"end":{"line":431,"column":null}},"177":{"start":{"line":426,"column":6},"end":{"line":426,"column":null}},"178":{"start":{"line":427,"column":4},"end":{"line":431,"column":null}},"179":{"start":{"line":428,"column":6},"end":{"line":428,"column":null}},"180":{"start":{"line":430,"column":6},"end":{"line":430,"column":null}},"181":{"start":{"line":433,"column":4},"end":{"line":433,"column":null}},"182":{"start":{"line":435,"column":4},"end":{"line":435,"column":null}},"183":{"start":{"line":436,"column":4},"end":{"line":436,"column":null}},"184":{"start":{"line":443,"column":0},"end":{"line":457,"column":null}},"185":{"start":{"line":444,"column":2},"end":{"line":456,"column":null}},"186":{"start":{"line":445,"column":21},"end":{"line":445,"column":null}},"187":{"start":{"line":446,"column":19},"end":{"line":446,"column":null}},"188":{"start":{"line":448,"column":4},"end":{"line":450,"column":null}},"189":{"start":{"line":449,"column":6},"end":{"line":449,"column":null}},"190":{"start":{"line":452,"column":4},"end":{"line":452,"column":null}},"191":{"start":{"line":454,"column":4},"end":{"line":454,"column":null}},"192":{"start":{"line":455,"column":4},"end":{"line":455,"column":null}},"193":{"start":{"line":466,"column":0},"end":{"line":528,"column":null}},"194":{"start":{"line":467,"column":2},"end":{"line":527,"column":null}},"195":{"start":{"line":468,"column":23},"end":{"line":468,"column":null}},"196":{"start":{"line":471,"column":18},"end":{"line":478,"column":null}},"197":{"start":{"line":481,"column":10},"end":{"line":484,"column":null}},"198":{"start":{"line":487,"column":19},"end":{"line":493,"column":null}},"199":{"start":{"line":496,"column":4},"end":{"line":514,"column":null}},"200":{"start":{"line":497,"column":6},"end":{"line":505,"column":null}},"201":{"start":{"line":498,"column":35},"end":{"line":498,"column":null}},"202":{"start":{"line":499,"column":8},"end":{"line":501,"column":null}},"203":{"start":{"line":503,"column":8},"end":{"line":503,"column":null}},"204":{"start":{"line":508,"column":6},"end":{"line":513,"column":null}},"205":{"start":{"line":509,"column":8},"end":{"line":509,"column":null}},"206":{"start":{"line":511,"column":8},"end":{"line":511,"column":null}},"207":{"start":{"line":516,"column":4},"end":{"line":522,"column":null}},"208":{"start":{"line":523,"column":4},"end":{"line":523,"column":null}},"209":{"start":{"line":525,"column":10},"end":{"line":525,"column":null}},"210":{"start":{"line":526,"column":4},"end":{"line":526,"column":null}},"211":{"start":{"line":534,"column":0},"end":{"line":560,"column":null}},"212":{"start":{"line":535,"column":2},"end":{"line":559,"column":null}},"213":{"start":{"line":536,"column":21},"end":{"line":536,"column":null}},"214":{"start":{"line":537,"column":23},"end":{"line":537,"column":null}},"215":{"start":{"line":539,"column":26},"end":{"line":539,"column":null}},"216":{"start":{"line":540,"column":4},"end":{"line":542,"column":null}},"217":{"start":{"line":541,"column":6},"end":{"line":541,"column":null}},"218":{"start":{"line":545,"column":4},"end":{"line":552,"column":null}},"219":{"start":{"line":546,"column":6},"end":{"line":551,"column":null}},"220":{"start":{"line":547,"column":8},"end":{"line":547,"column":null}},"221":{"start":{"line":549,"column":8},"end":{"line":549,"column":null}},"222":{"start":{"line":554,"column":4},"end":{"line":554,"column":null}},"223":{"start":{"line":555,"column":4},"end":{"line":555,"column":null}},"224":{"start":{"line":557,"column":10},"end":{"line":557,"column":null}},"225":{"start":{"line":558,"column":4},"end":{"line":558,"column":null}},"226":{"start":{"line":569,"column":0},"end":{"line":656,"column":null}},"227":{"start":{"line":570,"column":2},"end":{"line":655,"column":null}},"228":{"start":{"line":571,"column":39},"end":{"line":571,"column":null}},"229":{"start":{"line":573,"column":4},"end":{"line":575,"column":null}},"230":{"start":{"line":574,"column":6},"end":{"line":574,"column":null}},"231":{"start":{"line":581,"column":8},"end":{"line":585,"column":null}},"232":{"start":{"line":588,"column":31},"end":{"line":588,"column":null}},"233":{"start":{"line":589,"column":4},"end":{"line":599,"column":null}},"234":{"start":{"line":590,"column":26},"end":{"line":590,"column":null}},"235":{"start":{"line":591,"column":6},"end":{"line":591,"column":null}},"236":{"start":{"line":591,"column":40},"end":{"line":591,"column":44}},"237":{"start":{"line":592,"column":4},"end":{"line":599,"column":null}},"238":{"start":{"line":594,"column":19},"end":{"line":594,"column":null}},"239":{"start":{"line":595,"column":6},"end":{"line":598,"column":null}},"240":{"start":{"line":596,"column":28},"end":{"line":596,"column":null}},"241":{"start":{"line":597,"column":8},"end":{"line":597,"column":null}},"242":{"start":{"line":597,"column":42},"end":{"line":597,"column":46}},"243":{"start":{"line":601,"column":4},"end":{"line":603,"column":null}},"244":{"start":{"line":602,"column":6},"end":{"line":602,"column":null}},"245":{"start":{"line":606,"column":26},"end":{"line":606,"column":null}},"246":{"start":{"line":607,"column":30},"end":{"line":611,"column":null}},"247":{"start":{"line":608,"column":6},"end":{"line":610,"column":null}},"248":{"start":{"line":614,"column":4},"end":{"line":624,"column":null}},"249":{"start":{"line":615,"column":24},"end":{"line":615,"column":null}},"250":{"start":{"line":616,"column":22},"end":{"line":616,"column":null}},"251":{"start":{"line":617,"column":6},"end":{"line":623,"column":null}},"252":{"start":{"line":627,"column":23},"end":{"line":627,"column":null}},"253":{"start":{"line":628,"column":27},"end":{"line":632,"column":null}},"254":{"start":{"line":629,"column":6},"end":{"line":631,"column":null}},"255":{"start":{"line":635,"column":4},"end":{"line":647,"column":null}},"256":{"start":{"line":636,"column":24},"end":{"line":636,"column":null}},"257":{"start":{"line":637,"column":22},"end":{"line":637,"column":null}},"258":{"start":{"line":638,"column":21},"end":{"line":638,"column":null}},"259":{"start":{"line":639,"column":6},"end":{"line":646,"column":null}},"260":{"start":{"line":649,"column":4},"end":{"line":649,"column":null}},"261":{"start":{"line":651,"column":4},"end":{"line":651,"column":null}},"262":{"start":{"line":653,"column":4},"end":{"line":653,"column":null}},"263":{"start":{"line":654,"column":4},"end":{"line":654,"column":null}},"264":{"start":{"line":662,"column":0},"end":{"line":771,"column":null}},"265":{"start":{"line":663,"column":2},"end":{"line":770,"column":null}},"266":{"start":{"line":664,"column":23},"end":{"line":664,"column":null}},"267":{"start":{"line":665,"column":27},"end":{"line":665,"column":null}},"268":{"start":{"line":667,"column":21},"end":{"line":667,"column":null}},"269":{"start":{"line":668,"column":4},"end":{"line":670,"column":null}},"270":{"start":{"line":669,"column":6},"end":{"line":669,"column":null}},"271":{"start":{"line":672,"column":28},"end":{"line":674,"column":null}},"272":{"start":{"line":678,"column":4},"end":{"line":763,"column":null}},"273":{"start":{"line":679,"column":6},"end":{"line":762,"column":null}},"274":{"start":{"line":680,"column":33},"end":{"line":680,"column":null}},"275":{"start":{"line":682,"column":8},"end":{"line":758,"column":null}},"276":{"start":{"line":683,"column":23},"end":{"line":683,"column":null}},"277":{"start":{"line":684,"column":10},"end":{"line":757,"column":null}},"278":{"start":{"line":685,"column":36},"end":{"line":685,"column":null}},"279":{"start":{"line":686,"column":34},"end":{"line":688,"column":null}},"280":{"start":{"line":690,"column":18},"end":{"line":693,"column":null}},"281":{"start":{"line":691,"column":14},"end":{"line":692,"column":null}},"282":{"start":{"line":695,"column":12},"end":{"line":711,"column":null}},"283":{"start":{"line":697,"column":14},"end":{"line":700,"column":null}},"284":{"start":{"line":703,"column":14},"end":{"line":710,"column":null}},"285":{"start":{"line":714,"column":12},"end":{"line":729,"column":null}},"286":{"start":{"line":732,"column":12},"end":{"line":754,"column":null}},"287":{"start":{"line":733,"column":14},"end":{"line":753,"column":null}},"288":{"start":{"line":734,"column":32},"end":{"line":734,"column":null}},"289":{"start":{"line":735,"column":16},"end":{"line":750,"column":null}},"290":{"start":{"line":736,"column":37},"end":{"line":736,"column":null}},"291":{"start":{"line":737,"column":40},"end":{"line":737,"column":null}},"292":{"start":{"line":738,"column":43},"end":{"line":742,"column":null}},"293":{"start":{"line":739,"column":20},"end":{"line":741,"column":null}},"294":{"start":{"line":744,"column":18},"end":{"line":749,"column":null}},"295":{"start":{"line":745,"column":41},"end":{"line":745,"column":null}},"296":{"start":{"line":746,"column":20},"end":{"line":748,"column":null}},"297":{"start":{"line":752,"column":16},"end":{"line":752,"column":null}},"298":{"start":{"line":756,"column":12},"end":{"line":756,"column":null}},"299":{"start":{"line":760,"column":8},"end":{"line":760,"column":null}},"300":{"start":{"line":765,"column":4},"end":{"line":765,"column":null}},"301":{"start":{"line":766,"column":4},"end":{"line":766,"column":null}},"302":{"start":{"line":768,"column":4},"end":{"line":768,"column":null}},"303":{"start":{"line":769,"column":4},"end":{"line":769,"column":null}},"304":{"start":{"line":776,"column":0},"end":{"line":795,"column":null}},"305":{"start":{"line":777,"column":2},"end":{"line":794,"column":null}},"306":{"start":{"line":778,"column":23},"end":{"line":778,"column":null}},"307":{"start":{"line":780,"column":21},"end":{"line":780,"column":null}},"308":{"start":{"line":781,"column":4},"end":{"line":783,"column":null}},"309":{"start":{"line":782,"column":6},"end":{"line":782,"column":null}},"310":{"start":{"line":785,"column":28},"end":{"line":787,"column":null}},"311":{"start":{"line":789,"column":4},"end":{"line":789,"column":null}},"312":{"start":{"line":790,"column":4},"end":{"line":790,"column":null}},"313":{"start":{"line":792,"column":4},"end":{"line":792,"column":null}},"314":{"start":{"line":793,"column":4},"end":{"line":793,"column":null}},"315":{"start":{"line":801,"column":0},"end":{"line":867,"column":null}},"316":{"start":{"line":802,"column":2},"end":{"line":866,"column":null}},"317":{"start":{"line":803,"column":21},"end":{"line":803,"column":null}},"318":{"start":{"line":804,"column":27},"end":{"line":804,"column":null}},"319":{"start":{"line":806,"column":19},"end":{"line":806,"column":null}},"320":{"start":{"line":807,"column":4},"end":{"line":809,"column":null}},"321":{"start":{"line":808,"column":6},"end":{"line":808,"column":null}},"322":{"start":{"line":811,"column":26},"end":{"line":813,"column":null}},"323":{"start":{"line":816,"column":4},"end":{"line":822,"column":null}},"324":{"start":{"line":817,"column":6},"end":{"line":821,"column":null}},"325":{"start":{"line":818,"column":8},"end":{"line":818,"column":null}},"326":{"start":{"line":820,"column":8},"end":{"line":820,"column":null}},"327":{"start":{"line":826,"column":4},"end":{"line":859,"column":null}},"328":{"start":{"line":827,"column":6},"end":{"line":858,"column":null}},"329":{"start":{"line":828,"column":33},"end":{"line":828,"column":null}},"330":{"start":{"line":830,"column":8},"end":{"line":854,"column":null}},"331":{"start":{"line":831,"column":32},"end":{"line":833,"column":null}},"332":{"start":{"line":836,"column":10},"end":{"line":851,"column":null}},"333":{"start":{"line":853,"column":10},"end":{"line":853,"column":null}},"334":{"start":{"line":856,"column":8},"end":{"line":856,"column":null}},"335":{"start":{"line":861,"column":4},"end":{"line":861,"column":null}},"336":{"start":{"line":862,"column":4},"end":{"line":862,"column":null}},"337":{"start":{"line":864,"column":4},"end":{"line":864,"column":null}},"338":{"start":{"line":865,"column":4},"end":{"line":865,"column":null}},"339":{"start":{"line":872,"column":0},"end":{"line":900,"column":null}},"340":{"start":{"line":873,"column":2},"end":{"line":899,"column":null}},"341":{"start":{"line":874,"column":21},"end":{"line":874,"column":null}},"342":{"start":{"line":876,"column":19},"end":{"line":876,"column":null}},"343":{"start":{"line":877,"column":4},"end":{"line":879,"column":null}},"344":{"start":{"line":878,"column":6},"end":{"line":878,"column":null}},"345":{"start":{"line":881,"column":26},"end":{"line":883,"column":null}},"346":{"start":{"line":886,"column":4},"end":{"line":892,"column":null}},"347":{"start":{"line":887,"column":6},"end":{"line":891,"column":null}},"348":{"start":{"line":888,"column":8},"end":{"line":888,"column":null}},"349":{"start":{"line":890,"column":8},"end":{"line":890,"column":null}},"350":{"start":{"line":894,"column":4},"end":{"line":894,"column":null}},"351":{"start":{"line":895,"column":4},"end":{"line":895,"column":null}},"352":{"start":{"line":897,"column":4},"end":{"line":897,"column":null}},"353":{"start":{"line":898,"column":4},"end":{"line":898,"column":null}}},"fnMap":{"0":{"name":"(anonymous_0)","decl":{"start":{"line":25,"column":35},"end":{"line":25,"column":41}},"loc":{"start":{"line":25,"column":41},"end":{"line":25,"column":null}},"line":25},"1":{"name":"setBroadcastFn","decl":{"start":{"line":27,"column":16},"end":{"line":27,"column":31}},"loc":{"start":{"line":27,"column":48},"end":{"line":29,"column":null}},"line":27},"2":{"name":"(anonymous_2)","decl":{"start":{"line":45,"column":70},"end":{"line":45,"column":77}},"loc":{"start":{"line":45,"column":109},"end":{"line":144,"column":1}},"line":45},"3":{"name":"(anonymous_3)","decl":{"start":{"line":82,"column":32},"end":{"line":82,"column":37}},"loc":{"start":{"line":82,"column":37},"end":{"line":82,"column":65}},"line":82},"4":{"name":"(anonymous_4)","decl":{"start":{"line":113,"column":52},"end":{"line":113,"column":57}},"loc":{"start":{"line":113,"column":57},"end":{"line":113,"column":61}},"line":113},"5":{"name":"(anonymous_5)","decl":{"start":{"line":115,"column":40},"end":{"line":115,"column":45}},"loc":{"start":{"line":115,"column":45},"end":{"line":115,"column":90}},"line":115},"6":{"name":"(anonymous_6)","decl":{"start":{"line":131,"column":54},"end":{"line":131,"column":59}},"loc":{"start":{"line":131,"column":59},"end":{"line":131,"column":63}},"line":131},"7":{"name":"(anonymous_7)","decl":{"start":{"line":133,"column":42},"end":{"line":133,"column":47}},"loc":{"start":{"line":133,"column":47},"end":{"line":133,"column":92}},"line":133},"8":{"name":"(anonymous_8)","decl":{"start":{"line":149,"column":50},"end":{"line":149,"column":57}},"loc":{"start":{"line":149,"column":89},"end":{"line":163,"column":1}},"line":149},"9":{"name":"(anonymous_9)","decl":{"start":{"line":172,"column":47},"end":{"line":172,"column":54}},"loc":{"start":{"line":172,"column":86},"end":{"line":227,"column":1}},"line":172},"10":{"name":"(anonymous_10)","decl":{"start":{"line":183,"column":10},"end":{"line":183,"column":11}},"loc":{"start":{"line":183,"column":22},"end":{"line":183,"column":null}},"line":183},"11":{"name":"(anonymous_11)","decl":{"start":{"line":187,"column":61},"end":{"line":187,"column":62}},"loc":{"start":{"line":187,"column":86},"end":{"line":187,"column":108}},"line":187},"12":{"name":"(anonymous_12)","decl":{"start":{"line":191,"column":44},"end":{"line":191,"column":45}},"loc":{"start":{"line":191,"column":56},"end":{"line":191,"column":89}},"line":191},"13":{"name":"(anonymous_13)","decl":{"start":{"line":204,"column":62},"end":{"line":204,"column":63}},"loc":{"start":{"line":204,"column":87},"end":{"line":204,"column":109}},"line":204},"14":{"name":"(anonymous_14)","decl":{"start":{"line":233,"column":52},"end":{"line":233,"column":59}},"loc":{"start":{"line":233,"column":91},"end":{"line":326,"column":1}},"line":233},"15":{"name":"(anonymous_15)","decl":{"start":{"line":252,"column":10},"end":{"line":252,"column":11}},"loc":{"start":{"line":252,"column":22},"end":{"line":252,"column":null}},"line":252},"16":{"name":"(anonymous_16)","decl":{"start":{"line":256,"column":61},"end":{"line":256,"column":62}},"loc":{"start":{"line":256,"column":86},"end":{"line":256,"column":108}},"line":256},"17":{"name":"(anonymous_17)","decl":{"start":{"line":260,"column":44},"end":{"line":260,"column":45}},"loc":{"start":{"line":260,"column":56},"end":{"line":260,"column":96}},"line":260},"18":{"name":"(anonymous_18)","decl":{"start":{"line":273,"column":62},"end":{"line":273,"column":63}},"loc":{"start":{"line":273,"column":87},"end":{"line":273,"column":109}},"line":273},"19":{"name":"(anonymous_19)","decl":{"start":{"line":300,"column":88},"end":{"line":300,"column":89}},"loc":{"start":{"line":301,"column":14},"end":{"line":302,"column":null}},"line":301},"20":{"name":"(anonymous_20)","decl":{"start":{"line":336,"column":40},"end":{"line":336,"column":47}},"loc":{"start":{"line":336,"column":79},"end":{"line":354,"column":1}},"line":336},"21":{"name":"(anonymous_21)","decl":{"start":{"line":359,"column":44},"end":{"line":359,"column":51}},"loc":{"start":{"line":359,"column":83},"end":{"line":373,"column":1}},"line":359},"22":{"name":"(anonymous_22)","decl":{"start":{"line":378,"column":41},"end":{"line":378,"column":48}},"loc":{"start":{"line":378,"column":80},"end":{"line":389,"column":1}},"line":378},"23":{"name":"(anonymous_23)","decl":{"start":{"line":394,"column":46},"end":{"line":394,"column":53}},"loc":{"start":{"line":394,"column":85},"end":{"line":410,"column":1}},"line":394},"24":{"name":"(anonymous_24)","decl":{"start":{"line":420,"column":41},"end":{"line":420,"column":48}},"loc":{"start":{"line":420,"column":80},"end":{"line":438,"column":1}},"line":420},"25":{"name":"(anonymous_25)","decl":{"start":{"line":443,"column":45},"end":{"line":443,"column":52}},"loc":{"start":{"line":443,"column":84},"end":{"line":457,"column":1}},"line":443},"26":{"name":"(anonymous_26)","decl":{"start":{"line":466,"column":42},"end":{"line":466,"column":49}},"loc":{"start":{"line":466,"column":81},"end":{"line":528,"column":1}},"line":466},"27":{"name":"(anonymous_27)","decl":{"start":{"line":534,"column":47},"end":{"line":534,"column":54}},"loc":{"start":{"line":534,"column":86},"end":{"line":560,"column":1}},"line":534},"28":{"name":"(anonymous_28)","decl":{"start":{"line":569,"column":43},"end":{"line":569,"column":50}},"loc":{"start":{"line":569,"column":82},"end":{"line":656,"column":1}},"line":569},"29":{"name":"(anonymous_29)","decl":{"start":{"line":591,"column":35},"end":{"line":591,"column":40}},"loc":{"start":{"line":591,"column":40},"end":{"line":591,"column":44}},"line":591},"30":{"name":"(anonymous_30)","decl":{"start":{"line":597,"column":37},"end":{"line":597,"column":42}},"loc":{"start":{"line":597,"column":42},"end":{"line":597,"column":46}},"line":597},"31":{"name":"(anonymous_31)","decl":{"start":{"line":607,"column":51},"end":{"line":607,"column":52}},"loc":{"start":{"line":608,"column":6},"end":{"line":610,"column":null}},"line":608},"32":{"name":"(anonymous_32)","decl":{"start":{"line":628,"column":45},"end":{"line":628,"column":46}},"loc":{"start":{"line":629,"column":6},"end":{"line":631,"column":null}},"line":629},"33":{"name":"(anonymous_33)","decl":{"start":{"line":662,"column":59},"end":{"line":662,"column":66}},"loc":{"start":{"line":662,"column":98},"end":{"line":771,"column":1}},"line":662},"34":{"name":"(anonymous_34)","decl":{"start":{"line":690,"column":88},"end":{"line":690,"column":89}},"loc":{"start":{"line":691,"column":14},"end":{"line":692,"column":null}},"line":691},"35":{"name":"(anonymous_35)","decl":{"start":{"line":738,"column":64},"end":{"line":738,"column":65}},"loc":{"start":{"line":739,"column":20},"end":{"line":741,"column":null}},"line":739},"36":{"name":"(anonymous_36)","decl":{"start":{"line":776,"column":58},"end":{"line":776,"column":65}},"loc":{"start":{"line":776,"column":97},"end":{"line":795,"column":1}},"line":776},"37":{"name":"(anonymous_37)","decl":{"start":{"line":801,"column":54},"end":{"line":801,"column":61}},"loc":{"start":{"line":801,"column":93},"end":{"line":867,"column":1}},"line":801},"38":{"name":"(anonymous_38)","decl":{"start":{"line":872,"column":53},"end":{"line":872,"column":60}},"loc":{"start":{"line":872,"column":92},"end":{"line":900,"column":1}},"line":872}},"branchMap":{"0":{"loc":{"start":{"line":52,"column":4},"end":{"line":137,"column":null}},"type":"if","locations":[{"start":{"line":52,"column":4},"end":{"line":137,"column":null}},{"start":{"line":69,"column":4},"end":{"line":137,"column":null}}],"line":52},"1":{"loc":{"start":{"line":57,"column":6},"end":{"line":66,"column":null}},"type":"if","locations":[{"start":{"line":57,"column":6},"end":{"line":66,"column":null}},{"start":{},"end":{}}],"line":57},"2":{"loc":{"start":{"line":58,"column":8},"end":{"line":65,"column":null}},"type":"if","locations":[{"start":{"line":58,"column":8},"end":{"line":65,"column":null}},{"start":{},"end":{}}],"line":58},"3":{"loc":{"start":{"line":58,"column":12},"end":{"line":60,"column":64}},"type":"binary-expr","locations":[{"start":{"line":58,"column":12},"end":{"line":58,"column":null}},{"start":{"line":59,"column":12},"end":{"line":59,"column":null}},{"start":{"line":60,"column":12},"end":{"line":60,"column":64}}],"line":58},"4":{"loc":{"start":{"line":69,"column":4},"end":{"line":137,"column":null}},"type":"if","locations":[{"start":{"line":69,"column":4},"end":{"line":137,"column":null}},{"start":{"line":99,"column":4},"end":{"line":137,"column":null}}],"line":69},"5":{"loc":{"start":{"line":73,"column":6},"end":{"line":96,"column":null}},"type":"if","locations":[{"start":{"line":73,"column":6},"end":{"line":96,"column":null}},{"start":{},"end":{}}],"line":73},"6":{"loc":{"start":{"line":75,"column":8},"end":{"line":77,"column":null}},"type":"if","locations":[{"start":{"line":75,"column":8},"end":{"line":77,"column":null}},{"start":{},"end":{}}],"line":75},"7":{"loc":{"start":{"line":80,"column":8},"end":{"line":95,"column":null}},"type":"if","locations":[{"start":{"line":80,"column":8},"end":{"line":95,"column":null}},{"start":{"line":88,"column":8},"end":{"line":95,"column":null}}],"line":80},"8":{"loc":{"start":{"line":82,"column":10},"end":{"line":87,"column":null}},"type":"if","locations":[{"start":{"line":82,"column":10},"end":{"line":87,"column":null}},{"start":{},"end":{}}],"line":82},"9":{"loc":{"start":{"line":88,"column":8},"end":{"line":95,"column":null}},"type":"if","locations":[{"start":{"line":88,"column":8},"end":{"line":95,"column":null}},{"start":{},"end":{}}],"line":88},"10":{"loc":{"start":{"line":89,"column":10},"end":{"line":94,"column":null}},"type":"if","locations":[{"start":{"line":89,"column":10},"end":{"line":94,"column":null}},{"start":{},"end":{}}],"line":89},"11":{"loc":{"start":{"line":99,"column":4},"end":{"line":137,"column":null}},"type":"if","locations":[{"start":{"line":99,"column":4},"end":{"line":137,"column":null}},{"start":{"line":116,"column":11},"end":{"line":137,"column":null}}],"line":99},"12":{"loc":{"start":{"line":103,"column":6},"end":{"line":110,"column":null}},"type":"if","locations":[{"start":{"line":103,"column":6},"end":{"line":110,"column":null}},{"start":{},"end":{}}],"line":103},"13":{"loc":{"start":{"line":103,"column":10},"end":{"line":103,"column":78}},"type":"binary-expr","locations":[{"start":{"line":103,"column":10},"end":{"line":103,"column":31}},{"start":{"line":103,"column":31},"end":{"line":103,"column":78}}],"line":103},"14":{"loc":{"start":{"line":104,"column":8},"end":{"line":109,"column":null}},"type":"if","locations":[{"start":{"line":104,"column":8},"end":{"line":109,"column":null}},{"start":{},"end":{}}],"line":104},"15":{"loc":{"start":{"line":115,"column":45},"end":{"line":115,"column":90}},"type":"binary-expr","locations":[{"start":{"line":115,"column":45},"end":{"line":115,"column":60}},{"start":{"line":115,"column":60},"end":{"line":115,"column":90}}],"line":115},"16":{"loc":{"start":{"line":118,"column":6},"end":{"line":123,"column":null}},"type":"if","locations":[{"start":{"line":118,"column":6},"end":{"line":123,"column":null}},{"start":{},"end":{}}],"line":118},"17":{"loc":{"start":{"line":125,"column":6},"end":{"line":136,"column":null}},"type":"if","locations":[{"start":{"line":125,"column":6},"end":{"line":136,"column":null}},{"start":{"line":128,"column":6},"end":{"line":136,"column":null}}],"line":125},"18":{"loc":{"start":{"line":128,"column":6},"end":{"line":136,"column":null}},"type":"if","locations":[{"start":{"line":128,"column":6},"end":{"line":136,"column":null}},{"start":{"line":134,"column":13},"end":{"line":136,"column":null}}],"line":128},"19":{"loc":{"start":{"line":128,"column":17},"end":{"line":128,"column":100}},"type":"binary-expr","locations":[{"start":{"line":128,"column":17},"end":{"line":128,"column":66}},{"start":{"line":128,"column":66},"end":{"line":128,"column":100}}],"line":128},"20":{"loc":{"start":{"line":133,"column":47},"end":{"line":133,"column":92}},"type":"binary-expr","locations":[{"start":{"line":133,"column":47},"end":{"line":133,"column":62}},{"start":{"line":133,"column":62},"end":{"line":133,"column":92}}],"line":133},"21":{"loc":{"start":{"line":154,"column":4},"end":{"line":156,"column":null}},"type":"if","locations":[{"start":{"line":154,"column":4},"end":{"line":156,"column":null}},{"start":{},"end":{}}],"line":154},"22":{"loc":{"start":{"line":178,"column":4},"end":{"line":215,"column":null}},"type":"if","locations":[{"start":{"line":178,"column":4},"end":{"line":215,"column":null}},{"start":{},"end":{}}],"line":178},"23":{"loc":{"start":{"line":178,"column":8},"end":{"line":178,"column":47}},"type":"binary-expr","locations":[{"start":{"line":178,"column":8},"end":{"line":178,"column":30}},{"start":{"line":178,"column":30},"end":{"line":178,"column":47}}],"line":178},"24":{"loc":{"start":{"line":187,"column":93},"end":{"line":187,"column":108}},"type":"binary-expr","locations":[{"start":{"line":187,"column":93},"end":{"line":187,"column":104}},{"start":{"line":187,"column":104},"end":{"line":187,"column":108}}],"line":187},"25":{"loc":{"start":{"line":193,"column":8},"end":{"line":199,"column":null}},"type":"if","locations":[{"start":{"line":193,"column":8},"end":{"line":199,"column":null}},{"start":{},"end":{}}],"line":193},"26":{"loc":{"start":{"line":197,"column":20},"end":{"line":197,"column":null}},"type":"cond-expr","locations":[{"start":{"line":197,"column":74},"end":{"line":197,"column":88}},{"start":{"line":197,"column":88},"end":{"line":197,"column":null}}],"line":197},"27":{"loc":{"start":{"line":197,"column":40},"end":{"line":197,"column":74}},"type":"binary-expr","locations":[{"start":{"line":197,"column":40},"end":{"line":197,"column":69}},{"start":{"line":197,"column":69},"end":{"line":197,"column":74}}],"line":197},"28":{"loc":{"start":{"line":204,"column":94},"end":{"line":204,"column":109}},"type":"binary-expr","locations":[{"start":{"line":204,"column":94},"end":{"line":204,"column":105}},{"start":{"line":204,"column":105},"end":{"line":204,"column":109}}],"line":204},"29":{"loc":{"start":{"line":242,"column":4},"end":{"line":244,"column":null}},"type":"if","locations":[{"start":{"line":242,"column":4},"end":{"line":244,"column":null}},{"start":{},"end":{}}],"line":242},"30":{"loc":{"start":{"line":247,"column":4},"end":{"line":284,"column":null}},"type":"if","locations":[{"start":{"line":247,"column":4},"end":{"line":284,"column":null}},{"start":{},"end":{}}],"line":247},"31":{"loc":{"start":{"line":247,"column":8},"end":{"line":247,"column":61}},"type":"binary-expr","locations":[{"start":{"line":247,"column":8},"end":{"line":247,"column":37}},{"start":{"line":247,"column":37},"end":{"line":247,"column":61}}],"line":247},"32":{"loc":{"start":{"line":256,"column":93},"end":{"line":256,"column":108}},"type":"binary-expr","locations":[{"start":{"line":256,"column":93},"end":{"line":256,"column":104}},{"start":{"line":256,"column":104},"end":{"line":256,"column":108}}],"line":256},"33":{"loc":{"start":{"line":262,"column":8},"end":{"line":268,"column":null}},"type":"if","locations":[{"start":{"line":262,"column":8},"end":{"line":268,"column":null}},{"start":{},"end":{}}],"line":262},"34":{"loc":{"start":{"line":266,"column":20},"end":{"line":266,"column":null}},"type":"cond-expr","locations":[{"start":{"line":266,"column":74},"end":{"line":266,"column":88}},{"start":{"line":266,"column":88},"end":{"line":266,"column":null}}],"line":266},"35":{"loc":{"start":{"line":266,"column":40},"end":{"line":266,"column":74}},"type":"binary-expr","locations":[{"start":{"line":266,"column":40},"end":{"line":266,"column":69}},{"start":{"line":266,"column":69},"end":{"line":266,"column":74}}],"line":266},"36":{"loc":{"start":{"line":273,"column":94},"end":{"line":273,"column":109}},"type":"binary-expr","locations":[{"start":{"line":273,"column":94},"end":{"line":273,"column":105}},{"start":{"line":273,"column":105},"end":{"line":273,"column":109}}],"line":273},"37":{"loc":{"start":{"line":288,"column":4},"end":{"line":318,"column":null}},"type":"if","locations":[{"start":{"line":288,"column":4},"end":{"line":318,"column":null}},{"start":{},"end":{}}],"line":288},"38":{"loc":{"start":{"line":288,"column":8},"end":{"line":289,"column":59}},"type":"binary-expr","locations":[{"start":{"line":288,"column":8},"end":{"line":288,"column":34}},{"start":{"line":288,"column":34},"end":{"line":288,"column":49}},{"start":{"line":288,"column":49},"end":{"line":288,"column":null}},{"start":{"line":289,"column":8},"end":{"line":289,"column":59}}],"line":288},"39":{"loc":{"start":{"line":292,"column":8},"end":{"line":313,"column":null}},"type":"if","locations":[{"start":{"line":292,"column":8},"end":{"line":313,"column":null}},{"start":{},"end":{}}],"line":292},"40":{"loc":{"start":{"line":294,"column":10},"end":{"line":312,"column":null}},"type":"if","locations":[{"start":{"line":294,"column":10},"end":{"line":312,"column":null}},{"start":{},"end":{}}],"line":294},"41":{"loc":{"start":{"line":296,"column":34},"end":{"line":298,"column":null}},"type":"cond-expr","locations":[{"start":{"line":297,"column":16},"end":{"line":297,"column":null}},{"start":{"line":298,"column":16},"end":{"line":298,"column":null}}],"line":296},"42":{"loc":{"start":{"line":299,"column":36},"end":{"line":299,"column":null}},"type":"binary-expr","locations":[{"start":{"line":299,"column":36},"end":{"line":299,"column":79}},{"start":{"line":299,"column":79},"end":{"line":299,"column":null}}],"line":299},"43":{"loc":{"start":{"line":300,"column":30},"end":{"line":300,"column":83}},"type":"cond-expr","locations":[{"start":{"line":300,"column":62},"end":{"line":300,"column":79}},{"start":{"line":300,"column":79},"end":{"line":300,"column":83}}],"line":300},"44":{"loc":{"start":{"line":301,"column":14},"end":{"line":302,"column":null}},"type":"binary-expr","locations":[{"start":{"line":301,"column":14},"end":{"line":301,"column":null}},{"start":{"line":302,"column":14},"end":{"line":302,"column":null}}],"line":301},"45":{"loc":{"start":{"line":305,"column":12},"end":{"line":311,"column":null}},"type":"if","locations":[{"start":{"line":305,"column":12},"end":{"line":311,"column":null}},{"start":{},"end":{}}],"line":305},"46":{"loc":{"start":{"line":307,"column":38},"end":{"line":307,"column":69}},"type":"binary-expr","locations":[{"start":{"line":307,"column":38},"end":{"line":307,"column":63}},{"start":{"line":307,"column":63},"end":{"line":307,"column":69}}],"line":307},"47":{"loc":{"start":{"line":307,"column":69},"end":{"line":307,"column":null}},"type":"binary-expr","locations":[{"start":{"line":307,"column":69},"end":{"line":307,"column":90}},{"start":{"line":307,"column":90},"end":{"line":307,"column":null}}],"line":307},"48":{"loc":{"start":{"line":309,"column":35},"end":{"line":309,"column":69}},"type":"binary-expr","locations":[{"start":{"line":309,"column":35},"end":{"line":309,"column":64}},{"start":{"line":309,"column":64},"end":{"line":309,"column":69}}],"line":309},"49":{"loc":{"start":{"line":341,"column":4},"end":{"line":347,"column":null}},"type":"if","locations":[{"start":{"line":341,"column":4},"end":{"line":347,"column":null}},{"start":{"line":343,"column":4},"end":{"line":347,"column":null}}],"line":341},"50":{"loc":{"start":{"line":343,"column":4},"end":{"line":347,"column":null}},"type":"if","locations":[{"start":{"line":343,"column":4},"end":{"line":347,"column":null}},{"start":{"line":345,"column":11},"end":{"line":347,"column":null}}],"line":343},"51":{"loc":{"start":{"line":364,"column":4},"end":{"line":366,"column":null}},"type":"if","locations":[{"start":{"line":364,"column":4},"end":{"line":366,"column":null}},{"start":{},"end":{}}],"line":364},"52":{"loc":{"start":{"line":400,"column":4},"end":{"line":402,"column":null}},"type":"if","locations":[{"start":{"line":400,"column":4},"end":{"line":402,"column":null}},{"start":{},"end":{}}],"line":400},"53":{"loc":{"start":{"line":425,"column":4},"end":{"line":431,"column":null}},"type":"if","locations":[{"start":{"line":425,"column":4},"end":{"line":431,"column":null}},{"start":{"line":427,"column":4},"end":{"line":431,"column":null}}],"line":425},"54":{"loc":{"start":{"line":427,"column":4},"end":{"line":431,"column":null}},"type":"if","locations":[{"start":{"line":427,"column":4},"end":{"line":431,"column":null}},{"start":{"line":429,"column":11},"end":{"line":431,"column":null}}],"line":427},"55":{"loc":{"start":{"line":448,"column":4},"end":{"line":450,"column":null}},"type":"if","locations":[{"start":{"line":448,"column":4},"end":{"line":450,"column":null}},{"start":{},"end":{}}],"line":448},"56":{"loc":{"start":{"line":473,"column":6},"end":{"line":473,"column":null}},"type":"binary-expr","locations":[{"start":{"line":473,"column":6},"end":{"line":473,"column":27}},{"start":{"line":473,"column":27},"end":{"line":473,"column":null}}],"line":473},"57":{"loc":{"start":{"line":475,"column":6},"end":{"line":475,"column":null}},"type":"binary-expr","locations":[{"start":{"line":475,"column":6},"end":{"line":475,"column":32}},{"start":{"line":475,"column":32},"end":{"line":475,"column":null}}],"line":475},"58":{"loc":{"start":{"line":483,"column":6},"end":{"line":483,"column":null}},"type":"binary-expr","locations":[{"start":{"line":483,"column":6},"end":{"line":483,"column":25}},{"start":{"line":483,"column":25},"end":{"line":483,"column":null}}],"line":483},"59":{"loc":{"start":{"line":492,"column":26},"end":{"line":492,"column":null}},"type":"binary-expr","locations":[{"start":{"line":492,"column":26},"end":{"line":492,"column":59}},{"start":{"line":492,"column":59},"end":{"line":492,"column":null}}],"line":492},"60":{"loc":{"start":{"line":496,"column":4},"end":{"line":514,"column":null}},"type":"if","locations":[{"start":{"line":496,"column":4},"end":{"line":514,"column":null}},{"start":{},"end":{}}],"line":496},"61":{"loc":{"start":{"line":518,"column":26},"end":{"line":521,"column":null}},"type":"cond-expr","locations":[{"start":{"line":518,"column":46},"end":{"line":521,"column":10}},{"start":{"line":521,"column":10},"end":{"line":521,"column":null}}],"line":518},"62":{"loc":{"start":{"line":520,"column":24},"end":{"line":
[...]
60}},"line":1688}},"branchMap":{"0":{"loc":{"start":{"line":839,"column":110},"end":{"line":839,"column":133}},"type":"cond-expr","locations":[{"start":{"line":839,"column":123},"end":{"line":839,"column":130}},{"start":{"line":839,"column":130},"end":{"line":839,"column":133}}],"line":839},"1":{"loc":{"start":{"line":840,"column":108},"end":{"line":840,"column":131}},"type":"cond-expr","locations":[{"start":{"line":840,"column":121},"end":{"line":840,"column":128}},{"start":{"line":840,"column":128},"end":{"line":840,"column":131}}],"line":840},"2":{"loc":{"start":{"line":844,"column":24},"end":{"line":844,"column":47}},"type":"cond-expr","locations":[{"start":{"line":844,"column":37},"end":{"line":844,"column":44}},{"start":{"line":844,"column":44},"end":{"line":844,"column":47}}],"line":844},"3":{"loc":{"start":{"line":847,"column":24},"end":{"line":847,"column":47}},"type":"cond-expr","locations":[{"start":{"line":847,"column":37},"end":{"line":847,"column":44}},{"start":{"line":847,"column":44},"end":{"line":847,"column":47}}],"line":847},"4":{"loc":{"start":{"line":850,"column":24},"end":{"line":850,"column":47}},"type":"cond-expr","locations":[{"start":{"line":850,"column":37},"end":{"line":850,"column":44}},{"start":{"line":850,"column":44},"end":{"line":850,"column":47}}],"line":850},"5":{"loc":{"start":{"line":859,"column":122},"end":{"line":859,"column":145}},"type":"cond-expr","locations":[{"start":{"line":859,"column":135},"end":{"line":859,"column":142}},{"start":{"line":859,"column":142},"end":{"line":859,"column":145}}],"line":859},"6":{"loc":{"start":{"line":860,"column":114},"end":{"line":860,"column":137}},"type":"cond-expr","locations":[{"start":{"line":860,"column":127},"end":{"line":860,"column":134}},{"start":{"line":860,"column":134},"end":{"line":860,"column":137}}],"line":860},"7":{"loc":{"start":{"line":861,"column":124},"end":{"line":861,"column":147}},"type":"cond-expr","locations":[{"start":{"line":861,"column":137},"end":{"line":861,"column":144}},{"start":{"line":861,"column":144},"end":{"line":861,"column":147}}],"line":861},"8":{"loc":{"start":{"line":862,"column":122},"end":{"line":862,"column":145}},"type":"cond-expr","locations":[{"start":{"line":862,"column":135},"end":{"line":862,"column":142}},{"start":{"line":862,"column":142},"end":{"line":862,"column":145}}],"line":862},"9":{"loc":{"start":{"line":863,"column":120},"end":{"line":863,"column":143}},"type":"cond-expr","locations":[{"start":{"line":863,"column":133},"end":{"line":863,"column":140}},{"start":{"line":863,"column":140},"end":{"line":863,"column":143}}],"line":863},"10":{"loc":{"start":{"line":923,"column":24},"end":{"line":923,"column":47}},"type":"cond-expr","locations":[{"start":{"line":923,"column":37},"end":{"line":923,"column":44}},{"start":{"line":923,"column":44},"end":{"line":923,"column":47}}],"line":923},"11":{"loc":{"start":{"line":926,"column":24},"end":{"line":926,"column":47}},"type":"cond-expr","locations":[{"start":{"line":926,"column":37},"end":{"line":926,"column":44}},{"start":{"line":926,"column":44},"end":{"line":926,"column":47}}],"line":926},"12":{"loc":{"start":{"line":935,"column":6},"end":{"line":935,"column":null}},"type":"if","locations":[{"start":{"line":935,"column":6},"end":{"line":935,"column":null}},{"start":{},"end":{}}],"line":935},"13":{"loc":{"start":{"line":935,"column":10},"end":{"line":935,"column":59}},"type":"binary-expr","locations":[{"start":{"line":935,"column":10},"end":{"line":935,"column":24}},{"start":{"line":935,"column":24},"end":{"line":935,"column":40}},{"start":{"line":935,"column":40},"end":{"line":935,"column":59}}],"line":935},"14":{"loc":{"start":{"line":936,"column":6},"end":{"line":936,"column":null}},"type":"if","locations":[{"start":{"line":936,"column":6},"end":{"line":936,"column":null}},{"start":{},"end":{}}],"line":936},"15":{"loc":{"start":{"line":937,"column":6},"end":{"line":937,"column":null}},"type":"if","locations":[{"start":{"line":937,"column":6},"end":{"line":937,"column":null}},{"start":{},"end":{}}],"line":937},"16":{"loc":{"start":{"line":941,"column":6},"end":{"line":941,"column":null}},"type":"if","locations":[{"start":{"line":941,"column":6},"end":{"line":941,"column":null}},{"start":{},"end":{}}],"line":941},"17":{"loc":{"start":{"line":941,"column":10},"end":{"line":941,"column":59}},"type":"binary-expr","locations":[{"start":{"line":941,"column":10},"end":{"line":941,"column":24}},{"start":{"line":941,"column":24},"end":{"line":941,"column":40}},{"start":{"line":941,"column":40},"end":{"line":941,"column":59}}],"line":941},"18":{"loc":{"start":{"line":942,"column":6},"end":{"line":942,"column":null}},"type":"if","locations":[{"start":{"line":942,"column":6},"end":{"line":942,"column":null}},{"start":{},"end":{}}],"line":942},"19":{"loc":{"start":{"line":943,"column":6},"end":{"line":943,"column":null}},"type":"if","locations":[{"start":{"line":943,"column":6},"end":{"line":943,"column":null}},{"start":{},"end":{}}],"line":943},"20":{"loc":{"start":{"line":947,"column":6},"end":{"line":947,"column":null}},"type":"if","locations":[{"start":{"line":947,"column":6},"end":{"line":947,"column":null}},{"start":{},"end":{}}],"line":947},"21":{"loc":{"start":{"line":947,"column":10},"end":{"line":947,"column":59}},"type":"binary-expr","locations":[{"start":{"line":947,"column":10},"end":{"line":947,"column":24}},{"start":{"line":947,"column":24},"end":{"line":947,"column":40}},{"start":{"line":947,"column":40},"end":{"line":947,"column":59}}],"line":947},"22":{"loc":{"start":{"line":948,"column":6},"end":{"line":948,"column":null}},"type":"if","locations":[{"start":{"line":948,"column":6},"end":{"line":948,"column":null}},{"start":{},"end":{}}],"line":948},"23":{"loc":{"start":{"line":949,"column":6},"end":{"line":949,"column":null}},"type":"if","locations":[{"start":{"line":949,"column":6},"end":{"line":949,"column":null}},{"start":{},"end":{}}],"line":949}},"s":{"0":1,"1":1,"2":0,"3":1,"4":1,"5":1,"6":1,"7":1,"8":1,"9":1,"10":0,"11":1,"12":1,"13":0,"14":0,"15":0,"16":0,"17":1,"18":0,"19":1,"20":0,"21":0,"22":1,"23":0,"24":0,"25":0,"26":1,"27":1,"28":0,"29":0,"30":0,"31":0,"32":1,"33":0,"34":1,"35":0,"36":0,"37":1,"38":0,"39":0,"40":0,"41":0,"42":0,"43":1,"44":0,"45":0,"46":1,"47":0,"48":0,"49":1,"50":0,"51":0,"52":1,"53":0,"54":0,"55":0,"56":0,"57":1,"58":1,"59":0,"60":0,"61":0,"62":1,"63":0,"64":0,"65":1,"66":0,"67":1,"68":0,"69":0,"70":1,"71":0,"72":1,"73":0,"74":0,"75":1,"76":0,"77":0,"78":0,"79":1,"80":0,"81":1,"82":0,"83":0,"84":1,"85":0,"86":0,"87":0,"88":0,"89":1,"90":0,"91":0,"92":1,"93":0,"94":1,"95":0,"96":0,"97":1,"98":0,"99":0,"100":1,"101":0,"102":1,"103":0,"104":0,"105":1,"106":1,"107":1,"108":0,"109":0,"110":0,"111":1,"112":0,"113":0,"114":1,"115":0,"116":0,"117":0,"118":1,"119":0,"120":0,"121":0,"122":0,"123":1,"124":1,"125":1,"126":1,"127":1,"128":1,"129":1,"130":1,"131":1,"132":0,"133":0,"134":0,"135":0,"136":0,"137":0,"138":0,"139":0,"140":0,"141":0,"142":1,"143":1,"144":1,"145":1,"146":1,"147":1,"148":0,"149":0,"150":0,"151":0,"152":0,"153":0,"154":0,"155":0,"156":0,"157":0,"158":0,"159":0,"160":0,"161":0,"162":0,"163":0,"164":0,"165":0,"166":0,"167":0,"168":0,"169":0,"170":0,"171":1,"172":1,"173":1,"174":1,"175":1,"176":1,"177":1,"178":1,"179":1,"180":1,"181":1,"182":1,"183":1,"184":1,"185":1,"186":1,"187":1,"188":1,"189":1,"190":1,"191":1,"192":1,"193":1,"194":1,"195":1,"196":1,"197":0,"198":0,"199":0,"200":0,"201":1,"202":0,"203":0,"204":0,"205":1,"206":0,"207":0,"208":1,"209":0,"210":1,"211":1,"212":1,"213":1,"214":1,"215":1,"216":1,"217":1,"218":1,"219":0,"220":1,"221":1,"222":0,"223":0,"224":1,"225":0,"226":1,"227":0,"228":0,"229":0,"230":0,"231":1,"232":0,"233":1,"234":1,"235":1,"236":1,"237":1,"238":0,"239":0,"240":0,"241":1,"242":0,"243":0,"244":1,"245":1,"246":1,"247":0,"248":1,"249":0,"250":1,"251":0,"252":0,"253":0,"254":1,"255":1,"256":1,"257":1,"258":0,"259":0,"260":0,"261":0,"262":0,"263":1,"264":0,"265":0,"266":1,"267":1},"f":{"0":0,"1":0,"2":0,"3":0,"4":0,"5":0,"6":0,"7":0,"8":0,"9":0,"10":0,"11":0,"12":0,"13":0,"14":0,"15":0,"16":0,"17":0,"18":0,"19":0,"20":0,"21":0,"22":0,"23":0,"24":0,"25":0,"26":0,"27":0,"28":0,"29":0,"30":0,"31":0,"32":0,"33":0,"34":0,"35":0,"36":0,"37":0,"38":0,"39":0,"40":0,"41":0,"42":0,"43":0,"44":0,"45":0,"46":0,"47":0,"48":0,"49":0,"50":0,"51":0,"52":0,"53":0,"54":0,"55":0,"56":0,"57":0,"58":0,"59":0,"60":0,"61":0,"62":0,"63":0,"64":0,"65":0,"66":0,"67":0,"68":0,"69":0,"70":0,"71":0,"72":0,"73":0,"74":0,"75":0,"76":0,"77":0,"78":0,"79":0,"80":0,"81":0,"82":0,"83":0,"84":0,"85":0,"86":0,"87":0,"88":0,"89":0,"90":0,"91":0,"92":0,"93":0,"94":0,"95":0,"96":0,"97":0,"98":0,"99":0,"100":0,"101":0,"102":0,"103":0,"104":0,"105":0,"106":0,"107":0,"108":0,"109":0,"110":0,"111":0,"112":0,"113":0,"114":0,"115":0,"116":0,"117":0,"118":0,"119":0,"120":0,"121":0,"122":0,"123":0,"124":0,"125":0,"126":0,"127":0},"b":{"0":[0,0],"1":[0,0],"2":[0,0],"3":[0,0],"4":[0,0],"5":[0,0],"6":[0,0],"7":[0,0],"8":[0,0],"9":[0,0],"10":[0,0],"11":[0,0],"12":[0,0],"13":[0,0,0],"14":[0,0],"15":[0,0],"16":[0,0],"17":[0,0,0],"18":[0,0],"19":[0,0],"20":[0,0],"21":[0,0,0],"22":[0,0],"23":[0,0]},"meta":{"lastBranch":24,"lastFunction":128,"lastStatement":268,"seen":{"s:6:13:10:Infinity":0,"s:12:13:18:Infinity":1,"f:14:66:14:72":0,"s:14:72:14:90":2,"s:20:13:23:Infinity":3,"s:25:13:28:Infinity":4,"s:38:33:38:Infinity":5,"s:39:28:39:Infinity":6,"s:40:44:40:Infinity":7,"s:41:39:41:Infinity":8,"s:44:13:60:Infinity":9,"f:57:56:57:62":1,"s:57:62:57:78":10,"s:63:13:77:Infinity":11,"s:80:13:103:Infinity":12,"f:82:56:82:62":2,"s:82:62:82:78":13,"f:83:40:83:46":3,"s:83:46:83:54":14,"f:96:46:96:52":4,"s:96:52:96:60":15,"f:101:3:101:4":5,"s:101:15:103:2":16,"s:106:13:154:Infinity":17,"f:110:56:110:62":6,"s:110:62:110:78":18,"s:157:13:174:Infinity":19,"f:161:46:161:52":7,"s:161:52:161:63":20,"f:162:48:162:54":8,"s:162:54:162:62":21,"s:177:13:196:Infinity":22,"f:179:40:179:46":9,"s:179:46:179:54":23,"f:180:46:180:52":10,"s:180:52:180:63":24,"f:181:40:181:46":11,"s:181:46:181:54":25,"s:199:13:208:Infinity":26,"s:211:13:229:Infinity":27,"f:213:46:213:52":12,"s:213:52:213:63":28,"f:214:40:214:46":13,"s:214:46:214:54":29,"f:215:44:215:50":14,"s:215:50:215:66":30,"f:216:40:216:46":15,"s:216:46:216:54":31,"s:232:13:246:Infinity":32,"f:236:46:236:52":16,"s:236:52:236:63":33,"s:249:13:284:Infinity":34,"f:253:56:253:62":17,"s:253:62:253:78":35,"f:254:46:254:52":18,"s:254:52:254:63":36,"s:287:13:303:Infinity":37,"f:289:54:289:60":19,"s:289:60:289:76":38,"f:290:50:290:56":20,"s:290:56:290:64":39,"f:291:56:291:62":21,"s:291:62:291:78":40,"f:292:46:292:52":22,"s:292:52:292:63":41,"f:299:48:299:54":23,"s:299:54:299:62":42,"s:306:13:321:Infinity":43,"f:308:50:308:56":24,"s:308:56:308:64":44,"f:309:56:309:62":25,"s:309:62:309:78":45,"s:324:13:331:Infinity":46,"f:326:54:326:60":26,"s:326:60:326:76":47,"f:327:50:327:56":27,"s:327:56:327:64":48,"s:334:13:341:Infinity":49,"f:336:54:336:60":28,"s:336:60:336:76":50,"f:337:50:337:56":29,"s:337:56:337:64":51,"s:344:13:357:Infinity":52,"f:347:44:347:50":30,"s:347:50:347:58":53,"f:348:48:348:54":31,"s:348:54:348:62":54,"f:349:54:349:60":32,"s:349:60:349:75":55,"f:350:52:350:58":33,"s:350:58:350:79":56,"s:360:13:374:Infinity":57,"s:377:13:386:Infinity":58,"f:379:40:379:46":34,"s:379:46:379:54":59,"f:380:42:380:48":35,"s:380:48:380:57":60,"f:384:3:384:4":36,"s:384:15:386:2":61,"s:389:13:406:Infinity":62,"f:391:40:391:46":37,"s:391:46:391:54":63,"f:393:56:393:62":38,"s:393:62:393:78":64,"s:409:13:419:Infinity":65,"f:411:40:411:46":39,"s:411:46:411:54":66,"s:422:13:437:Infinity":67,"f:424:40:424:46":40,"s:424:46:424:54":68,"f:433:48:433:54":41,"s:433:54:433:62":69,"s:440:13:456:Infinity":70,"f:442:40:442:46":42,"s:442:46:442:54":71,"s:459:13:472:Infinity":72,"f:461:46:461:52":43,"s:461:52:461:66":73,"f:464:46:464:52":44,"s:464:52:464:63":74,"s:475:13:491:Infinity":75,"f:477:40:477:46":45,"s:477:46:477:54":76,"f:478:56:478:62":46,"s:478:62:478:78":77,"f:479:53:479:59":47,"s:479:59:479:73":78,"s:494:13:511:Infinity":79,"f:496:46:496:52":48,"s:496:52:496:66":80,"s:514:13:526:Infinity":81,"f:516:46:516:52":49,"s:516:52:516:63":82,"f:517:46:517:52":50,"s:517:52:517:66":83,"s:529:13:542:Infinity":84,"f:531:48:531:54":51,"s:531:54:531:76":85,"f:532:46:532:52":52,"s:532:52:532:66":86,"f:533:46:533:52":53,"s:533:52:533:63":87,"f:537:48:537:54":54,"s:537:54:537:62":88,"s:545:13:556:Infinity":89,"f:547:50:547:56":55,"s:547:56:547:76":90,"f:548:46:548:52":56,"s:548:52:548:66":91,"s:559:13:568:Infinity":92,"f:565:46:565:52":57,"s:565:52:565:60":93,"s:571:13:597:Infinity":94,"f:573:50:573:56":58,"s:573:56:573:64":95,"f:574:54:574:60":59,"s:574:60:574:76":96,"s:600:13:643:Infinity":97,"f:602:40:602:46":60,"s:602:46:602:54":98,"f:636:48:636:54":61,"s:636:54:636:68":99,"s:646:13:688:Infinity":100,"f:648:56:648:62":62,"s:648:62:648:78":101,"s:691:13:705:Infinity":102,"f:693:46:693:52":63,"s:693:52:693:63":103,"f:694:50:694:56":64,"s:694:56:694:64":104,"s:708:13:719:Infinity":105,"s:722:13:734:Infinity":106,"s:737:13:748:Infinity":107,"f:739:47:739:53":65,"s:739:53:739:66":108,"f:740:53:740:59":66,"s:740:59:740:84":109,"f:745:3:745:4":67,"s:745:15:748:2":110,"s:751:13:764:Infinity":111,"f:753:40:753:46":68,"s:753:46:753:54":112,"f:757:55:757:61":69,"s:757:61:757:69":113,"s:767:13:777:Infinity":114,"f:769:56:769:62":70,"s:769:62:769:78":115,"f:770:50:770:56":71,"s:770:56:770:64":116,"f:772:46:772:52":72,"s:772:52:772:63":117,"s:780:13:792:Infinity":118,"f:782:44:782:50":73,"s:782:50:782:58":119,"f:783:48:783:54":74,"s:783:54:783:62":120,"f:784:44:784:50":75,"s:784:50:784:72":121,"f:787:46:787:52":76,"s:787:52:787:63":122,"s:794:13:798:Infinity":123,"s:804:13:808:Infinity":124,"s:810:13:814:Infinity":125,"s:817:33:817:Infinity":126,"s:819:13:825:Infinity":127,"s:828:35:828:Infinity":128,"s:829:34:829:Infinity":129,"s:830:34:830:Infinity":130,"s:832:13:864:Infinity":131,"f:839:103:839:110":77,"s:839:110:839:133":132,"b:839:123:839:130:839:130:839:133":0,"f:840:101:840:108":78,"s:840:108:840:131":133,"b:840:121:840:128:840:128:840:131":1,"f:844:17:844:24":79,"s:844:24:844:47":134,"b:844:37:844:44:844:44:844:47":2,"f:847:17:847:24":80,"s:847:24:847:47":135,"b:847:37:847:44:847:44:847:47":3,"f:850:17:850:24":81,"s:850:24:850:47":136,"b:850:37:850:44:850:44:850:47":4,"f:859:115:859:122":82,"s:859:122:859:145":137,"b:859:135:859:142:859:142:859:145":5,"f:860:107:860:114":83,"s:860:114:860:137":138,"b:860:127:860:134:860:134:860:137":6,"f:861:117:861:124":84,"s:861:124:861:147":139,"b:861:137:861:144:861:144:861:147":7,"f:862:115:862:122":85,"s:862:122:862:145":140,"b:862:135:862:142:862:142:862:145":8,"f:863:113:863:120":86,"s:863:120:863:143":141,"b:863:133:863:140:863:140:863:143":9,"s:866:13:874:Infinity":142,"s:876:13:884:Infinity":143,"s:886:13:890:Infinity":144,"s:892:13:900:Infinity":145,"s:902:13:911:Infinity":146,"s:913:13:952:Infinity":147,"f:923:17:923:24":87,"s:923:24:923:47":148,"b:923:37:923:44:923:44:923:47":10,"f:926:17:926:24":88,"s:926:24:926:47":149,"b:926:37:926:44:926:44:926:47":11,"f:934:108:934:115":89,"b:935:6:935:Infinity:undefined:undefined:undefined:undefined":12,"s:935:6:935:Infinity":150,"b:935:10:935:24:935:24:935:40:935:40:935:59":13,"s:935:59:935:Infinity":151,"b:936:6:936:Infinity:undefined:undefined:undefined:undefined":14,"s:936:6:936:Infinity":152,"s:936:35:936:Infinity":153,"b:937:6:937:Infinity:undefined:undefined:undefined:undefined":15,"s:937:6:937:Infinity":154,"s:937:31:937:Infinity":155,"s:938:6:938:Infinity":156,"f:940:108:940:115":90,"b:941:6:941:Infinity:undefined:undefined:undefined:undefined":16,"s:941:6:941:Infinity":157,"b:941:10:941:24:941:24:941:40:941:40:941:59":17,"s:941:59:941:Infinity":158,"b:942:6:942:Infinity:undefined:undefined:undefined:undefined":18,"s:942:6:942:Infinity":159,"s:942:35:942:Infinity":160,"b:943:6:943:Infinity:undefined:undefined:undefined:undefined":19,"s:943:6:943:Infinity":161,"s:943:31:943:Infinity":162,"s:944:6:944:Infinity":163,"f:946:106:946:113":91,"b:947:6:947:Infinity:undefined:undefined:undefined:undefined":20,"s:947:6:947:Infinity":164,"b:947:10:947:24:947:24:947:40:947:40:947:59":21,"s:947:59:947:Infinity":165,"b:948:6:948:Infinity:undefined:undefined:undefined:undefined":22,"s:948:6:948:Infinity":166,"s:948:35:948:Infinity":167,"b:949:6:949:Infinity:undefined:undefined:undefined:undefined":23,"s:949:6:949:Infinity":168,"s:949:31:949:Infinity":169,"s:950:6:950:Infinity":170,"s:954:13:958:Infinity":171,"s:960:13:964:Infinity":172,"s:966:13:969:Infinity":173,"s:971:13:974:Infinity":174,"s:976:13:980:Infinity":175,"s:982:13:986:Infinity":176,"s:988:13:992:Infinity":177,"s:994:13:998:Infinity":178,"s:1000:13:1004:Infinity":179,"s:1006:13:1010:Infinity":180,"s:1012:13:1016:Infinity":181,"s:1018:13:1022:Infinity":182,"s:1024:13:1028:Infinity":183,"s:1030:13:1034:Infinity":184,"s:1036:13:1039:Infinity":185,"s:1041:13:1045:Infinity":186,"s:1047:13:1053:Infinity":187,"s:1055:13:1058:Infinity":188,"s:1060:13:1064:Infinity":189,"s:1066:13:1070:Infinity":190,"s:1072:13:1076:Infinity":191,"s:1078:13:1085:Infinity":192,"s:1087:13:1091:Infinity":193,"s:1093:13:1096:Infinity":194,"s:1098:13:1102:Infinity":195,"s:1105:13:1123:Infinity":196,"f:1107:40:1107:46":92,"s:1107:46:1107:54":197,"f:1108:46:1108:52":93,"s:1108:52:1108:66":198,"f:1109:56:1109:62":94,"s:1109:62:1109:78":199,"f:1110:46:1110:52":95,"s:1110:52:1110:63":200,"s:1126:13:1138:Infinity":201,"f:1128:52:1128:58":96,"s:1128:58:1128:80":202,"f:1129:40:1129:46":97,"s:1129:46:1129:54":203,"f:1130:46:1130:52":98,"s:1130:52:1130:66":204,"s:1141:13:1151:Infinity":205,"f:1143:40:1143:46":99,"s:1143:46:1143:54":206,"f:1144:46:1144:52":100,"s:1144:52:1144:66":207,"s:1154:13:1169:Infinity":208,"f:1156:46:1156:52":101,"s:1156:52:1156:66":209,"s:1171:13:1176:Infinity":210,"s:1178:13:1181:Infinity":211,"s:1183:13:1188:Infinity":212,"s:1190:13:1194:Infinity":213,"s:1215:52:1215:Infinity":214,"s:1216:50:1216:Infinity":215,"s:1217:50:1217:Infinity":216,"s:1220:35:1220:Infinity":217,"s:1328:13:1360:Infinity":218,"f:1330:46:1330:52":102,"s:1330:52:1330:66":219,"s:1362:13:1366:Infinity":220,"s:1376:13:1397:Infinity":221,"f:1378:46:1378:52":103,"s:1378:52:1378:63":222,"f:1390:48:1390:54":104,"s:1390:54:1390:62":223,"s:1400:13:1411:Infinity":224,"f:1402:46:1402:52":105,"s:1402:52:1402:63":225,"s:1414:13:1440:Infinity":226,"f:1416:46:1416:52":106,"s:1416:52:1416:63":227,"f:1417:50:1417:56":107,"s:1417:56:1417:64":228,"f:1418:55:1418:61":108,"s:1418:61:1418:82":229,"f:1433:48:1433:54":109,"s:1433:54:1433:62":230,"s:1443:13:1453:Infinity":231,"f:1445:48:1445:54":110,"s:1445:54:1445:62":232,"s:1456:13:1460:Infinity":233,"s:1462:13:1466:Infinity":234,"s:1468:13:1472:Infinity":235,"s:1474:13:1477:Infinity":236,"s:1497:13:1514:Infinity":237,"f:1499:50:1499:56":111,"s:1499:56:1499:64":238,"f:1503:46:1503:52":112,"s:1503:52:1503:63":239,"f:1504:56:1504:62":113,"s:1504:62:1504:78":240,"s:1517:13:1522:Infinity":241,"f:1519:42:1519:48":114,"s:1519:48:1519:67":242,"f:1520:40:1520:46":115,"s:1520:46:1520:54":243,"s:1525:13:1531:Infinity":244,"s:1533:13:1536:Infinity":245,"s:1550:13:1568:Infinity":246,"f:1552:40:1552:46":116,"s:1552:46:1552:54":247,"s:1571:13:1587:Infinity":248,"f:1573:56:1573:62":117,"s:1573:62:1573:84":249,"s:1590:13:1598:Infinity":250,"f:1592:40:1592:46":118,"s:1592:46:1592:54":251,"f:1593:56:1593:62":119,"s:1593:62:1593:84":252,"f:1594:46:1594:52":120,"s:1594:52:1594:69":253,"s:1601:13:1607:Infinity":254,"s:1609:13:1612:Infinity":255,"s:1614:13:1617:Infinity":256,"s:1634:13:1672:Infinity":257,"f:1636:69:1636:75":121,"s:1636:75:1636:97":258,"f:1637:56:1637:62":122,"s:1637:62:1637:78":259,"f:1638:46:1638:52":123,"s:1638:52:1638:60":260,"f:1639:46:1639:52":124,"s:1639:52:1639:60":261,"f:1658:51:1658:57":125,"s:1658:57:1658:68":262,"s:1675:13:1691:Infinity":263,"f:1677:56:1677:62":126,"s:1677:62:1677:78":264,"f:1688:46:1688:52":127,"s:1688:52:1688:60":265,"s:1694:13:1698:Infinity":266,"s:1700:13:1704:Infinity":267}}}
}
